{"C:\\Meu Projetos\\clinica-oncologica-v02\\quiz-mensal-interface\\components\\quiz-interface.tsx": {"path":"C:\\Meu Projetos\\clinica-oncologica-v02\\quiz-mensal-interface\\components\\quiz-interface.tsx","statementMap":{"0":{"start":{"line":22,"column":0},"end":{"line":22,"column":24}},"1":{"start":{"line":3,"column":0},"end":{"line":3,"column":43}},"2":{"start":{"line":4,"column":0},"end":{"line":4,"column":47}},"3":{"start":{"line":5,"column":0},"end":{"line":5,"column":43}},"4":{"start":{"line":6,"column":0},"end":{"line":6,"column":51}},"5":{"start":{"line":7,"column":0},"end":{"line":7,"column":72}},"6":{"start":{"line":8,"column":0},"end":{"line":8,"column":51}},"7":{"start":{"line":9,"column":0},"end":{"line":9,"column":51}},"8":{"start":{"line":10,"column":0},"end":{"line":10,"column":45}},"9":{"start":{"line":11,"column":0},"end":{"line":11,"column":88}},"10":{"start":{"line":14,"column":0},"end":{"line":14,"column":56}},"11":{"start":{"line":15,"column":0},"end":{"line":15,"column":44}},"12":{"start":{"line":23,"column":20},"end":{"line":23,"column":30}},"13":{"start":{"line":40,"column":6},"end":{"line":40,"column":43}},"14":{"start":{"line":43,"column":2},"end":{"line":51,"column":null}},"15":{"start":{"line":44,"column":24},"end":{"line":44,"column":55}},"16":{"start":{"line":45,"column":4},"end":{"line":45,"column":null}},"17":{"start":{"line":47,"column":27},"end":{"line":47,"column":61}},"18":{"start":{"line":48,"column":4},"end":{"line":50,"column":5}},"19":{"start":{"line":53,"column":29},"end":{"line":55,"column":3}},"20":{"start":{"line":54,"column":4},"end":{"line":54,"column":null}},"21":{"start":{"line":57,"column":32},"end":{"line":63,"column":3}},"22":{"start":{"line":58,"column":4},"end":{"line":58,"column":null}},"23":{"start":{"line":60,"column":4},"end":{"line":62,"column":5}},"24":{"start":{"line":61,"column":6},"end":{"line":61,"column":null}},"25":{"start":{"line":65,"column":29},"end":{"line":130,"column":null}},"26":{"start":{"line":65,"column":40},"end":{"line":130,"column":null}},"27":{"start":{"line":66,"column":4},"end":{"line":73,"column":5}},"28":{"start":{"line":67,"column":6},"end":{"line":71,"column":null}},"29":{"start":{"line":72,"column":6},"end":{"line":72,"column":12}},"30":{"start":{"line":76,"column":4},"end":{"line":85,"column":5}},"31":{"start":{"line":77,"column":6},"end":{"line":84,"column":7}},"32":{"start":{"line":78,"column":8},"end":{"line":82,"column":null}},"33":{"start":{"line":83,"column":8},"end":{"line":83,"column":14}},"34":{"start":{"line":87,"column":4},"end":{"line":129,"column":5}},"35":{"start":{"line":92,"column":6},"end":{"line":103,"column":7}},"36":{"start":{"line":94,"column":8},"end":{"line":94,"column":null}},"37":{"start":{"line":95,"column":8},"end":{"line":95,"column":null}},"38":{"start":{"line":96,"column":13},"end":{"line":103,"column":7}},"39":{"start":{"line":98,"column":8},"end":{"line":98,"column":null}},"40":{"start":{"line":99,"column":8},"end":{"line":99,"column":null}},"41":{"start":{"line":102,"column":8},"end":{"line":102,"column":null}},"42":{"start":{"line":106,"column":6},"end":{"line":110,"column":null}},"43":{"start":{"line":113,"column":6},"end":{"line":113,"column":null}},"44":{"start":{"line":115,"column":6},"end":{"line":120,"column":null}},"45":{"start":{"line":123,"column":6},"end":{"line":123,"column":null}},"46":{"start":{"line":124,"column":6},"end":{"line":128,"column":null}},"47":{"start":{"line":132,"column":33},"end":{"line":136,"column":3}},"48":{"start":{"line":133,"column":4},"end":{"line":135,"column":5}},"49":{"start":{"line":134,"column":6},"end":{"line":134,"column":null}},"50":{"start":{"line":134,"column":38},"end":{"line":134,"column":46}},"51":{"start":{"line":138,"column":30},"end":{"line":388,"column":3}},"52":{"start":{"line":139,"column":4},"end":{"line":387,"column":5}},"53":{"start":{"line":141,"column":28},"end":{"line":143,"column":44}},"54":{"start":{"line":144,"column":31},"end":{"line":144,"column":71}},"55":{"start":{"line":147,"column":28},"end":{"line":150,"column":10}},"56":{"start":{"line":148,"column":10},"end":{"line":148,"column":null}},"57":{"start":{"line":148,"column":39},"end":{"line":148,"column":null}},"58":{"start":{"line":149,"column":10},"end":{"line":149,"column":null}},"59":{"start":{"line":151,"column":33},"end":{"line":151,"column":94}},"60":{"start":{"line":153,"column":8},"end":{"line":212,"column":null}},"61":{"start":{"line":158,"column":16},"end":{"line":162,"column":17}},"62":{"start":{"line":159,"column":18},"end":{"line":159,"column":null}},"63":{"start":{"line":161,"column":18},"end":{"line":161,"column":null}},"64":{"start":{"line":167,"column":36},"end":{"line":167,"column":86}},"65":{"start":{"line":168,"column":35},"end":{"line":168,"column":84}},"66":{"start":{"line":169,"column":16},"end":{"line":182,"column":null}},"67":{"start":{"line":202,"column":39},"end":{"line":202,"column":94}},"68":{"start":{"line":215,"column":40},"end":{"line":215,"column":42}},"69":{"start":{"line":216,"column":31},"end":{"line":216,"column":36}},"70":{"start":{"line":219,"column":33},"end":{"line":222,"column":10}},"71":{"start":{"line":220,"column":10},"end":{"line":220,"column":null}},"72":{"start":{"line":220,"column":39},"end":{"line":220,"column":null}},"73":{"start":{"line":221,"column":10},"end":{"line":221,"column":null}},"74":{"start":{"line":223,"column":38},"end":{"line":223,"column":109}},"75":{"start":{"line":225,"column":8},"end":{"line":232,"column":9}},"76":{"start":{"line":226,"column":10},"end":{"line":231,"column":11}},"77":{"start":{"line":227,"column":12},"end":{"line":227,"column":null}},"78":{"start":{"line":228,"column":17},"end":{"line":231,"column":11}},"79":{"start":{"line":229,"column":12},"end":{"line":229,"column":null}},"80":{"start":{"line":230,"column":12},"end":{"line":230,"column":null}},"81":{"start":{"line":234,"column":36},"end":{"line":234,"column":76}},"82":{"start":{"line":236,"column":8},"end":{"line":320,"column":null}},"83":{"start":{"line":239,"column":34},"end":{"line":239,"column":84}},"84":{"start":{"line":240,"column":33},"end":{"line":240,"column":82}},"85":{"start":{"line":241,"column":14},"end":{"line":271,"column":null}},"86":{"start":{"line":251,"column":22},"end":{"line":255,"column":23}},"87":{"start":{"line":252,"column":24},"end":{"line":252,"column":null}},"88":{"start":{"line":254,"column":24},"end":{"line":254,"column":null}},"89":{"start":{"line":254,"column":65},"end":{"line":254,"column":82}},"90":{"start":{"line":257,"column":22},"end":{"line":261,"column":23}},"91":{"start":{"line":258,"column":24},"end":{"line":258,"column":null}},"92":{"start":{"line":260,"column":24},"end":{"line":260,"column":null}},"93":{"start":{"line":283,"column":22},"end":{"line":293,"column":23}},"94":{"start":{"line":284,"column":24},"end":{"line":284,"column":null}},"95":{"start":{"line":285,"column":24},"end":{"line":285,"column":null}},"96":{"start":{"line":287,"column":24},"end":{"line":287,"column":null}},"97":{"start":{"line":287,"column":65},"end":{"line":287,"column":92}},"98":{"start":{"line":288,"column":24},"end":{"line":292,"column":25}},"99":{"start":{"line":289,"column":26},"end":{"line":289,"column":null}},"100":{"start":{"line":291,"column":26},"end":{"line":291,"column":null}},"101":{"start":{"line":309,"column":22},"end":{"line":309,"column":null}},"102":{"start":{"line":310,"column":22},"end":{"line":310,"column":null}},"103":{"start":{"line":323,"column":25},"end":{"line":323,"column":55}},"104":{"start":{"line":324,"column":25},"end":{"line":324,"column":56}},"105":{"start":{"line":325,"column":28},"end":{"line":325,"column":99}},"106":{"start":{"line":325,"column":86},"end":{"line":325,"column":98}},"107":{"start":{"line":327,"column":8},"end":{"line":351,"column":null}},"108":{"start":{"line":331,"column":16},"end":{"line":332,"column":null}},"109":{"start":{"line":333,"column":33},"end":{"line":333,"column":69}},"110":{"start":{"line":354,"column":8},"end":{"line":361,"column":null}},"111":{"start":{"line":357,"column":29},"end":{"line":357,"column":63}},"112":{"start":{"line":364,"column":8},"end":{"line":383,"column":null}},"113":{"start":{"line":386,"column":8},"end":{"line":386,"column":null}},"114":{"start":{"line":391,"column":2},"end":{"line":414,"column":3}},"115":{"start":{"line":392,"column":4},"end":{"line":413,"column":null}},"116":{"start":{"line":416,"column":2},"end":{"line":501,"column":null}}},"fnMap":{"0":{"name":"QuizInterface","decl":{"start":{"line":22,"column":24},"end":{"line":22,"column":37}},"loc":{"start":{"line":22,"column":81},"end":{"line":502,"column":1}}},"1":{"name":"(anonymous_8)","decl":{"start":{"line":43,"column":12},"end":{"line":43,"column":15}},"loc":{"start":{"line":43,"column":17},"end":{"line":51,"column":3}}},"2":{"name":"(anonymous_9)","decl":{"start":{"line":53,"column":29},"end":{"line":53,"column":30}},"loc":{"start":{"line":53,"column":70},"end":{"line":55,"column":3}}},"3":{"name":"(anonymous_10)","decl":{"start":{"line":57,"column":32},"end":{"line":57,"column":33}},"loc":{"start":{"line":57,"column":75},"end":{"line":63,"column":3}}},"4":{"name":"(anonymous_11)","decl":{"start":{"line":65,"column":29},"end":{"line":65,"column":38}},"loc":{"start":{"line":65,"column":40},"end":{"line":130,"column":null}}},"5":{"name":"(anonymous_12)","decl":{"start":{"line":65,"column":40},"end":{"line":65,"column":null}},"loc":{"start":{"line":65,"column":40},"end":{"line":130,"column":3}}},"6":{"name":"(anonymous_13)","decl":{"start":{"line":132,"column":33},"end":{"line":132,"column":36}},"loc":{"start":{"line":132,"column":38},"end":{"line":136,"column":3}}},"7":{"name":"(anonymous_14)","decl":{"start":{"line":134,"column":30},"end":{"line":134,"column":34}},"loc":{"start":{"line":134,"column":38},"end":{"line":134,"column":46}}},"8":{"name":"(anonymous_15)","decl":{"start":{"line":138,"column":30},"end":{"line":138,"column":33}},"loc":{"start":{"line":138,"column":35},"end":{"line":388,"column":3}}},"9":{"name":"(anonymous_16)","decl":{"start":{"line":147,"column":58},"end":{"line":147,"column":61}},"loc":{"start":{"line":147,"column":64},"end":{"line":150,"column":9}}},"10":{"name":"(anonymous_17)","decl":{"start":{"line":157,"column":29},"end":{"line":157,"column":30}},"loc":{"start":{"line":157,"column":39},"end":{"line":163,"column":15}}},"11":{"name":"(anonymous_18)","decl":{"start":{"line":166,"column":44},"end":{"line":166,"column":45}},"loc":{"start":{"line":166,"column":62},"end":{"line":183,"column":15}}},"12":{"name":"(anonymous_19)","decl":{"start":{"line":202,"column":32},"end":{"line":202,"column":33}},"loc":{"start":{"line":202,"column":39},"end":{"line":202,"column":94}}},"13":{"name":"(anonymous_20)","decl":{"start":{"line":219,"column":63},"end":{"line":219,"column":66}},"loc":{"start":{"line":219,"column":69},"end":{"line":222,"column":9}}},"14":{"name":"(anonymous_21)","decl":{"start":{"line":238,"column":42},"end":{"line":238,"column":43}},"loc":{"start":{"line":238,"column":60},"end":{"line":272,"column":13}}},"15":{"name":"(anonymous_22)","decl":{"start":{"line":249,"column":37},"end":{"line":249,"column":38}},"loc":{"start":{"line":249,"column":49},"end":{"line":262,"column":21}}},"16":{"name":"(anonymous_23)","decl":{"start":{"line":254,"column":60},"end":{"line":254,"column":61}},"loc":{"start":{"line":254,"column":65},"end":{"line":254,"column":82}}},"17":{"name":"(anonymous_24)","decl":{"start":{"line":281,"column":37},"end":{"line":281,"column":38}},"loc":{"start":{"line":281,"column":49},"end":{"line":294,"column":21}}},"18":{"name":"(anonymous_25)","decl":{"start":{"line":287,"column":60},"end":{"line":287,"column":61}},"loc":{"start":{"line":287,"column":65},"end":{"line":287,"column":92}}},"19":{"name":"(anonymous_26)","decl":{"start":{"line":308,"column":30},"end":{"line":308,"column":31}},"loc":{"start":{"line":308,"column":36},"end":{"line":311,"column":21}}},"20":{"name":"(anonymous_27)","decl":{"start":{"line":325,"column":76},"end":{"line":325,"column":77}},"loc":{"start":{"line":325,"column":86},"end":{"line":325,"column":98}}},"21":{"name":"(anonymous_28)","decl":{"start":{"line":330,"column":31},"end":{"line":330,"column":32}},"loc":{"start":{"line":331,"column":16},"end":{"line":332,"column":null}}},"22":{"name":"(anonymous_29)","decl":{"start":{"line":333,"column":27},"end":{"line":333,"column":30}},"loc":{"start":{"line":333,"column":33},"end":{"line":333,"column":69}}},"23":{"name":"(anonymous_30)","decl":{"start":{"line":357,"column":22},"end":{"line":357,"column":23}},"loc":{"start":{"line":357,"column":29},"end":{"line":357,"column":63}}}},"branchMap":{"0":{"loc":{"start":{"line":45,"column":22},"end":{"line":45,"column":41}},"type":"binary-expr","locations":[{"start":{"line":45,"column":22},"end":{"line":45,"column":33}},{"start":{"line":45,"column":37},"end":{"line":45,"column":41}}]},"1":{"loc":{"start":{"line":48,"column":4},"end":{"line":50,"column":5}},"type":"if","locations":[{"start":{"line":48,"column":4},"end":{"line":50,"column":5}}]},"2":{"loc":{"start":{"line":48,"column":8},"end":{"line":48,"column":98}},"type":"binary-expr","locations":[{"start":{"line":48,"column":8},"end":{"line":48,"column":22}},{"start":{"line":48,"column":26},"end":{"line":48,"column":37}},{"start":{"line":48,"column":41},"end":{"line":48,"column":72}},{"start":{"line":48,"column":76},"end":{"line":48,"column":98}}]},"3":{"loc":{"start":{"line":60,"column":4},"end":{"line":62,"column":5}},"type":"if","locations":[{"start":{"line":60,"column":4},"end":{"line":62,"column":5}}]},"4":{"loc":{"start":{"line":60,"column":8},"end":{"line":60,"column":89}},"type":"binary-expr","locations":[{"start":{"line":60,"column":8},"end":{"line":60,"column":42}},{"start":{"line":60,"column":46},"end":{"line":60,"column":60}},{"start":{"line":60,"column":64},"end":{"line":60,"column":89}}]},"5":{"loc":{"start":{"line":66,"column":4},"end":{"line":73,"column":5}},"type":"if","locations":[{"start":{"line":66,"column":4},"end":{"line":73,"column":5}}]},"6":{"loc":{"start":{"line":76,"column":4},"end":{"line":85,"column":5}},"type":"if","locations":[{"start":{"line":76,"column":4},"end":{"line":85,"column":5}}]},"7":{"loc":{"start":{"line":76,"column":8},"end":{"line":76,"column":89}},"type":"binary-expr","locations":[{"start":{"line":76,"column":8},"end":{"line":76,"column":42}},{"start":{"line":76,"column":46},"end":{"line":76,"column":60}},{"start":{"line":76,"column":64},"end":{"line":76,"column":89}}]},"8":{"loc":{"start":{"line":77,"column":6},"end":{"line":84,"column":7}},"type":"if","locations":[{"start":{"line":77,"column":6},"end":{"line":84,"column":7}}]},"9":{"loc":{"start":{"line":77,"column":10},"end":{"line":77,"column":79}},"type":"binary-expr","locations":[{"start":{"line":77,"column":10},"end":{"line":77,"column":36}},{"start":{"line":77,"column":40},"end":{"line":77,"column":79}}]},"10":{"loc":{"start":{"line":92,"column":6},"end":{"line":103,"column":7}},"type":"if","locations":[{"start":{"line":92,"column":6},"end":{"line":103,"column":7}},{"start":{"line":96,"column":13},"end":{"line":103,"column":7}}]},"11":{"loc":{"start":{"line":92,"column":10},"end":{"line":92,"column":91}},"type":"binary-expr","locations":[{"start":{"line":92,"column":10},"end":{"line":92,"column":44}},{"start":{"line":92,"column":48},"end":{"line":92,"column":62}},{"start":{"line":92,"column":66},"end":{"line":92,"column":91}}]},"12":{"loc":{"start":{"line":96,"column":13},"end":{"line":103,"column":7}},"type":"if","locations":[{"start":{"line":96,"column":13},"end":{"line":103,"column":7}},{"start":{"line":100,"column":13},"end":{"line":103,"column":7}}]},"13":{"loc":{"start":{"line":96,"column":17},"end":{"line":96,"column":100}},"type":"binary-expr","locations":[{"start":{"line":96,"column":17},"end":{"line":96,"column":51}},{"start":{"line":96,"column":55},"end":{"line":96,"column":69}},{"start":{"line":96,"column":73},"end":{"line":96,"column":100}}]},"14":{"loc":{"start":{"line":117,"column":21},"end":{"line":119,"column":42}},"type":"cond-expr","locations":[{"start":{"line":118,"column":12},"end":{"line":118,"column":49}},{"start":{"line":119,"column":12},"end":{"line":119,"column":42}}]},"15":{"loc":{"start":{"line":126,"column":21},"end":{"line":126,"column":100}},"type":"cond-expr","locations":[{"start":{"line":126,"column":46},"end":{"line":126,"column":59}},{"start":{"line":126,"column":62},"end":{"line":126,"column":100}}]},"16":{"loc":{"start":{"line":133,"column":4},"end":{"line":135,"column":5}},"type":"if","locations":[{"start":{"line":133,"column":4},"end":{"line":135,"column":5}}]},"17":{"loc":{"start":{"line":139,"column":4},"end":{"line":387,"column":5}},"type":"switch","locations":[{"start":{"line":140,"column":6},"end":{"line":212,"column":null}},{"start":{"line":214,"column":6},"end":{"line":320,"column":null}},{"start":{"line":322,"column":6},"end":{"line":351,"column":null}},{"start":{"line":353,"column":6},"end":{"line":361,"column":null}},{"start":{"line":363,"column":6},"end":{"line":383,"column":null}},{"start":{"line":385,"column":6},"end":{"line":386,"column":null}}]},"18":{"loc":{"start":{"line":141,"column":28},"end":{"line":143,"column":44}},"type":"cond-expr","locations":[{"start":{"line":142,"column":12},"end":{"line":142,"column":32}},{"start":{"line":143,"column":13},"end":{"line":143,"column":43}}]},"19":{"loc":{"start":{"line":141,"column":28},"end":{"line":141,"column":109}},"type":"binary-expr","locations":[{"start":{"line":141,"column":28},"end":{"line":141,"column":62}},{"start":{"line":141,"column":66},"end":{"line":141,"column":80}},{"start":{"line":141,"column":84},"end":{"line":141,"column":109}}]},"20":{"loc":{"start":{"line":143,"column":13},"end":{"line":143,"column":43}},"type":"binary-expr","locations":[{"start":{"line":143,"column":13},"end":{"line":143,"column":37}},{"start":{"line":143,"column":41},"end":{"line":143,"column":43}}]},"21":{"loc":{"start":{"line":144,"column":31},"end":{"line":144,"column":71}},"type":"binary-expr","locations":[{"start":{"line":144,"column":31},"end":{"line":144,"column":65}},{"start":{"line":144,"column":69},"end":{"line":144,"column":71}}]},"22":{"loc":{"start":{"line":147,"column":28},"end":{"line":150,"column":10}},"type":"cond-expr","locations":[{"start":{"line":147,"column":51},"end":{"line":147,"column":53}},{"start":{"line":147,"column":51},"end":{"line":150,"column":10}}]},"23":{"loc":{"start":{"line":147,"column":28},"end":{"line":147,"column":53}},"type":"binary-expr","locations":[{"start":{"line":147,"column":28},"end":{"line":147,"column":53}},{"start":{"line":147,"column":51},"end":{"line":147,"column":53}}]},"24":{"loc":{"start":{"line":148,"column":10},"end":{"line":148,"column":null}},"type":"if","locations":[{"start":{"line":148,"column":10},"end":{"line":148,"column":null}}]},"25":{"loc":{"start":{"line":149,"column":17},"end":{"line":149,"column":158}},"type":"binary-expr","locations":[{"start":{"line":149,"column":17},"end":{"line":149,"column":41}},{"start":{"line":149,"column":45},"end":{"line":149,"column":80}},{"start":{"line":149,"column":84},"end":{"line":149,"column":119}},{"start":{"line":149,"column":123},"end":{"line":149,"column":158}}]},"26":{"loc":{"start":{"line":151,"column":33},"end":{"line":151,"column":94}},"type":"cond-expr","locations":[{"start":{"line":151,"column":67},"end":{"line":151,"column":84}},{"start":{"line":151,"column":87},"end":{"line":151,"column":94}}]},"27":{"loc":{"start":{"line":158,"column":16},"end":{"line":162,"column":17}},"type":"if","locations":[{"start":{"line":158,"column":16},"end":{"line":162,"column":17}},{"start":{"line":160,"column":23},"end":{"line":162,"column":17}}]},"28":{"loc":{"start":{"line":166,"column":15},"end":{"line":183,"column":16}},"type":"cond-expr","locations":[{"start":{"line":166,"column":38},"end":{"line":166,"column":40}},{"start":{"line":166,"column":38},"end":{"line":183,"column":16}}]},"29":{"loc":{"start":{"line":166,"column":15},"end":{"line":166,"column":40}},"type":"binary-expr","locations":[{"start":{"line":166,"column":15},"end":{"line":166,"column":40}},{"start":{"line":166,"column":38},"end":{"line":166,"column":40}}]},"30":{"loc":{"start":{"line":167,"column":36},"end":{"line":167,"column":86}},"type":"cond-expr","locations":[{"start":{"line":167,"column":65},"end":{"line":167,"column":71}},{"start":{"line":167,"column":74},"end":{"line":167,"column":86}}]},"31":{"loc":{"start":{"line":168,"column":35},"end":{"line":168,"column":84}},"type":"cond-expr","locations":[{"start":{"line":168,"column":64},"end":{"line":168,"column":70}},{"start":{"line":168,"column":73},"end":{"line":168,"column":84}}]},"32":{"loc":{"start":{"line":171,"column":25},"end":{"line":171,"column":71}},"type":"cond-expr","locations":[{"start":{"line":171,"column":54},"end":{"line":171,"column":59}},{"start":{"line":171,"column":62},"end":{"line":171,"column":71}}]},"33":{"loc":{"start":{"line":186,"column":15},"end":{"line":208,"column":null}},"type":"binary-expr","locations":[{"start":{"line":186,"column":15},"end":{"line":186,"column":42}},{"start":{"line":187,"column":16},"end":{"line":207,"column":null}}]},"34":{"loc":{"start":{"line":199,"column":19},"end":{"line":206,"column":null}},"type":"binary-expr","locations":[{"start":{"line":199,"column":19},"end":{"line":199,"column":51}},{"start":{"line":200,"column":20},"end":{"line":205,"column":null}}]},"35":{"loc":{"start":{"line":219,"column":33},"end":{"line":222,"column":10}},"type":"cond-expr","locations":[{"start":{"line":219,"column":56},"end":{"line":219,"column":58}},{"start":{"line":219,"column":56},"end":{"line":222,"column":10}}]},"36":{"loc":{"start":{"line":219,"column":33},"end":{"line":219,"column":58}},"type":"binary-expr","locations":[{"start":{"line":219,"column":33},"end":{"line":219,"column":58}},{"start":{"line":219,"column":56},"end":{"line":219,"column":58}}]},"37":{"loc":{"start":{"line":220,"column":10},"end":{"line":220,"column":null}},"type":"if","locations":[{"start":{"line":220,"column":10},"end":{"line":220,"column":null}}]},"38":{"loc":{"start":{"line":221,"column":17},"end":{"line":221,"column":158}},"type":"binary-expr","locations":[{"start":{"line":221,"column":17},"end":{"line":221,"column":41}},{"start":{"line":221,"column":45},"end":{"line":221,"column":80}},{"start":{"line":221,"column":84},"end":{"line":221,"column":119}},{"start":{"line":221,"column":123},"end":{"line":221,"column":158}}]},"39":{"loc":{"start":{"line":223,"column":38},"end":{"line":223,"column":109}},"type":"cond-expr","locations":[{"start":{"line":223,"column":77},"end":{"line":223,"column":99}},{"start":{"line":223,"column":102},"end":{"line":223,"column":109}}]},"40":{"loc":{"start":{"line":225,"column":8},"end":{"line":232,"column":9}},"type":"if","locations":[{"start":{"line":225,"column":8},"end":{"line":232,"column":9}}]},"41":{"loc":{"start":{"line":226,"column":10},"end":{"line":231,"column":11}},"type":"if","locations":[{"start":{"line":226,"column":10},"end":{"line":231,"column":11}},{"start":{"line":228,"column":17},"end":{"line":231,"column":11}}]},"42":{"loc":{"start":{"line":228,"column":17},"end":{"line":231,"column":11}},"type":"if","locations":[{"start":{"line":228,"column":17},"end":{"line":231,"column":11}}]},"43":{"loc":{"start":{"line":228,"column":21},"end":{"line":228,"column":86}},"type":"binary-expr","locations":[{"start":{"line":228,"column":21},"end":{"line":228,"column":55}},{"start":{"line":228,"column":59},"end":{"line":228,"column":86}}]},"44":{"loc":{"start":{"line":234,"column":36},"end":{"line":234,"column":76}},"type":"binary-expr","locations":[{"start":{"line":234,"column":36},"end":{"line":234,"column":70}},{"start":{"line":234,"column":74},"end":{"line":234,"column":76}}]},"45":{"loc":{"start":{"line":238,"column":13},"end":{"line":272,"column":14}},"type":"cond-expr","locations":[{"start":{"line":238,"column":36},"end":{"line":238,"column":38}},{"start":{"line":238,"column":36},"end":{"line":272,"column":14}}]},"46":{"loc":{"start":{"line":238,"column":13},"end":{"line":238,"column":38}},"type":"binary-expr","locations":[{"start":{"line":238,"column":13},"end":{"line":238,"column":38}},{"start":{"line":238,"column":36},"end":{"line":238,"column":38}}]},"47":{"loc":{"start":{"line":239,"column":34},"end":{"line":239,"column":84}},"type":"cond-expr","locations":[{"start":{"line":239,"column":63},"end":{"line":239,"column":69}},{"start":{"line":239,"column":72},"end":{"line":239,"column":84}}]},"48":{"loc":{"start":{"line":240,"column":33},"end":{"line":240,"column":82}},"type":"cond-expr","locations":[{"start":{"line":240,"column":62},"end":{"line":240,"column":68}},{"start":{"line":240,"column":71},"end":{"line":240,"column":82}}]},"49":{"loc":{"start":{"line":251,"column":22},"end":{"line":255,"column":23}},"type":"if","locations":[{"start":{"line":251,"column":22},"end":{"line":255,"column":23}},{"start":{"line":253,"column":29},"end":{"line":255,"column":23}}]},"50":{"loc":{"start":{"line":257,"column":22},"end":{"line":261,"column":23}},"type":"if","locations":[{"start":{"line":257,"column":22},"end":{"line":261,"column":23}},{"start":{"line":259,"column":29},"end":{"line":261,"column":23}}]},"51":{"loc":{"start":{"line":243,"column":23},"end":{"line":243,"column":69}},"type":"cond-expr","locations":[{"start":{"line":243,"column":52},"end":{"line":243,"column":57}},{"start":{"line":243,"column":60},"end":{"line":243,"column":69}}]},"52":{"loc":{"start":{"line":275,"column":13},"end":{"line":317,"column":null}},"type":"binary-expr","locations":[{"start":{"line":275,"column":13},"end":{"line":275,"column":40}},{"start":{"line":276,"column":14},"end":{"line":316,"column":null}}]},"53":{"loc":{"start":{"line":283,"column":22},"end":{"line":293,"column":23}},"type":"if","locations":[{"start":{"line":283,"column":22},"end":{"line":293,"column":23}},{"start":{"line":286,"column":29},"end":{"line":293,"column":23}}]},"54":{"loc":{"start":{"line":288,"column":24},"end":{"line":292,"column":25}},"type":"if","locations":[{"start":{"line":288,"column":24},"end":{"line":292,"column":25}},{"start":{"line":290,"column":31},"end":{"line":292,"column":25}}]},"55":{"loc":{"start":{"line":305,"column":17},"end":{"line":315,"column":null}},"type":"binary-expr","locations":[{"start":{"line":305,"column":17},"end":{"line":305,"column":64}},{"start":{"line":306,"column":18},"end":{"line":314,"column":null}}]},"56":{"loc":{"start":{"line":323,"column":25},"end":{"line":323,"column":55}},"type":"binary-expr","locations":[{"start":{"line":323,"column":25},"end":{"line":323,"column":50}},{"start":{"line":323,"column":54},"end":{"line":323,"column":55}}]},"57":{"loc":{"start":{"line":324,"column":25},"end":{"line":324,"column":56}},"type":"binary-expr","locations":[{"start":{"line":324,"column":25},"end":{"line":324,"column":50}},{"start":{"line":324,"column":54},"end":{"line":324,"column":56}}]},"58":{"loc":{"start":{"line":336,"column":22},"end":{"line":338,"column":null}},"type":"cond-expr","locations":[{"start":{"line":337,"column":24},"end":{"line":337,"column":95}},{"start":{"line":338,"column":24},"end":{"line":338,"column":null}}]},"59":{"loc":{"start":{"line":356,"column":19},"end":{"line":356,"column":49}},"type":"binary-expr","locations":[{"start":{"line":356,"column":19},"end":{"line":356,"column":43}},{"start":{"line":356,"column":47},"end":{"line":356,"column":49}}]},"60":{"loc":{"start":{"line":366,"column":19},"end":{"line":366,"column":49}},"type":"binary-expr","locations":[{"start":{"line":366,"column":19},"end":{"line":366,"column":43}},{"start":{"line":366,"column":47},"end":{"line":366,"column":49}}]},"61":{"loc":{"start":{"line":391,"column":2},"end":{"line":414,"column":3}},"type":"if","locations":[{"start":{"line":391,"column":2},"end":{"line":414,"column":3}}]},"62":{"loc":{"start":{"line":457,"column":13},"end":{"line":466,"column":null}},"type":"binary-expr","locations":[{"start":{"line":457,"column":13},"end":{"line":457,"column":37}},{"start":{"line":458,"column":14},"end":{"line":464,"column":null}}]},"63":{"loc":{"start":{"line":471,"column":24},"end":{"line":471,"column":55}},"type":"binary-expr","locations":[{"start":{"line":471,"column":24},"end":{"line":471,"column":39}},{"start":{"line":471,"column":43},"end":{"line":471,"column":55}}]},"64":{"loc":{"start":{"line":474,"column":15},"end":{"line":488,"column":null}},"type":"cond-expr","locations":[{"start":{"line":475,"column":16},"end":{"line":476,"column":null}},{"start":{"line":479,"column":18},"end":{"line":488,"column":null}}]},"65":{"loc":{"start":{"line":479,"column":18},"end":{"line":488,"column":null}},"type":"cond-expr","locations":[{"start":{"line":480,"column":16},"end":{"line":481,"column":null}},{"start":{"line":485,"column":16},"end":{"line":487,"column":null}}]}},"s":{"0":3,"1":3,"2":3,"3":3,"4":3,"5":3,"6":3,"7":3,"8":3,"9":3,"10":3,"11":3,"12":122,"13":122,"14":122,"15":69,"16":69,"17":69,"18":69,"19":122,"20":34,"21":122,"22":0,"23":0,"24":0,"25":122,"26":0,"27":0,"28":0,"29":0,"30":0,"31":0,"32":0,"33":0,"34":0,"35":0,"36":0,"37":0,"38":0,"39":0,"40":0,"41":0,"42":0,"43":0,"44":0,"45":0,"46":0,"47":122,"48":1,"49":1,"50":1,"51":122,"52":122,"53":58,"54":58,"55":58,"56":246,"57":0,"58":246,"59":58,"60":58,"61":11,"62":11,"63":0,"64":246,"65":246,"66":246,"67":0,"68":28,"69":28,"70":28,"71":93,"72":0,"73":93,"74":28,"75":28,"76":17,"77":10,"78":7,"79":7,"80":7,"81":28,"82":28,"83":93,"84":93,"85":93,"86":6,"87":6,"88":0,"89":0,"90":6,"91":0,"92":6,"93":5,"94":5,"95":5,"96":0,"97":0,"98":0,"99":0,"100":0,"101":0,"102":0,"103":13,"104":13,"105":13,"106":143,"107":13,"108":143,"109":0,"110":15,"111":12,"112":3,"113":5,"114":122,"115":0,"116":122},"f":{"0":122,"1":69,"2":34,"3":0,"4":0,"5":0,"6":1,"7":1,"8":122,"9":246,"10":11,"11":246,"12":0,"13":93,"14":93,"15":6,"16":0,"17":5,"18":0,"19":0,"20":143,"21":143,"22":0,"23":12},"b":{"0":[69,69],"1":[0],"2":[69,0,0,0],"3":[0],"4":[0,0,0],"5":[0],"6":[0],"7":[0,0,0],"8":[0],"9":[0,0],"10":[0,0],"11":[0,0,0],"12":[0,0],"13":[0,0,0],"14":[0,0],"15":[0,0],"16":[1],"17":[58,28,13,15,3,5],"18":[22,36],"19":[58,58,22],"20":[36,36],"21":[58,58],"22":[0,58],"23":[58,58],"24":[0],"25":[246,246,246,246],"26":[24,34],"27":[11,0],"28":[0,58],"29":[58,58],"30":[0,246],"31":[0,246],"32":[0,246],"33":[58,34],"34":[34,22],"35":[0,28],"36":[28,28],"37":[0],"38":[93,93,93,93],"39":[4,24],"40":[17],"41":[10,7],"42":[7],"43":[7,7],"44":[28,28],"45":[0,28],"46":[28,28],"47":[0,93],"48":[0,93],"49":[6,0],"50":[0,6],"51":[0,93],"52":[28,24],"53":[5,0],"54":[0,0],"55":[24,7],"56":[13,13],"57":[13,0],"58":[0,143],"59":[15,2],"60":[3,3],"61":[0],"62":[122,32],"63":[122,52],"64":[0,122],"65":[73,49]}}
,"C:\\Meu Projetos\\clinica-oncologica-v02\\quiz-mensal-interface\\components\\theme-provider.tsx": {"path":"C:\\Meu Projetos\\clinica-oncologica-v02\\quiz-mensal-interface\\components\\theme-provider.tsx","statementMap":{"0":{"start":{"line":9,"column":40},"end":{"line":9,"column":45}},"1":{"start":{"line":9,"column":50},"end":{"line":9,"column":72}},"2":{"start":{"line":10,"column":2},"end":{"line":10,"column":null}}},"fnMap":{"0":{"name":"ThemeProvider","decl":{"start":{"line":9,"column":16},"end":{"line":9,"column":29}},"loc":{"start":{"line":9,"column":72},"end":{"line":11,"column":1}}}},"branchMap":{},"s":{"0":0,"1":0,"2":0},"f":{"0":0},"b":{}}
,"C:\\Meu Projetos\\clinica-oncologica-v02\\quiz-mensal-interface\\components\\error\\ErrorBoundary.tsx": {"path":"C:\\Meu Projetos\\clinica-oncologica-v02\\quiz-mensal-interface\\components\\error\\ErrorBoundary.tsx","statementMap":{"0":{"start":{"line":31,"column":4},"end":{"line":31,"column":17}},"1":{"start":{"line":68,"column":2},"end":{"line":77,"column":4}},"2":{"start":{"line":69,"column":4},"end":{"line":73,"column":7}},"3":{"start":{"line":76,"column":4},"end":{"line":76,"column":29}},"4":{"start":{"line":32,"column":4},"end":{"line":36,"column":6}},"5":{"start":{"line":41,"column":4},"end":{"line":41,"column":37}},"6":{"start":{"line":46,"column":4},"end":{"line":51,"column":7}},"7":{"start":{"line":54,"column":4},"end":{"line":57,"column":7}},"8":{"start":{"line":60,"column":4},"end":{"line":62,"column":5}},"9":{"start":{"line":61,"column":6},"end":{"line":61,"column":43}},"10":{"start":{"line":80,"column":4},"end":{"line":94,"column":5}},"11":{"start":{"line":82,"column":6},"end":{"line":84,"column":7}},"12":{"start":{"line":83,"column":8},"end":{"line":83,"column":35}},"13":{"start":{"line":87,"column":6},"end":{"line":93,"column":8}},"14":{"start":{"line":96,"column":4},"end":{"line":96,"column":31}}},"fnMap":{"0":{"name":"(anonymous_0)","decl":{"start":{"line":30,"column":2},"end":{"line":30,"column":14}},"loc":{"start":{"line":30,"column":39},"end":{"line":37,"column":3}}},"1":{"name":"(anonymous_1)","decl":{"start":{"line":68,"column":16},"end":{"line":68,"column":25}},"loc":{"start":{"line":68,"column":27},"end":{"line":77,"column":3}}},"2":{"name":"(anonymous_2)","decl":{"start":{"line":39,"column":2},"end":{"line":39,"column":8}},"loc":{"start":{"line":39,"column":46},"end":{"line":42,"column":3}}},"3":{"name":"(anonymous_3)","decl":{"start":{"line":44,"column":2},"end":{"line":44,"column":19}},"loc":{"start":{"line":44,"column":54},"end":{"line":66,"column":3}}},"4":{"name":"(anonymous_4)","decl":{"start":{"line":79,"column":2},"end":{"line":79,"column":8}},"loc":{"start":{"line":79,"column":8},"end":{"line":97,"column":3}}}},"branchMap":{"0":{"loc":{"start":{"line":60,"column":4},"end":{"line":62,"column":5}},"type":"if","locations":[{"start":{"line":60,"column":4},"end":{"line":62,"column":5}}]},"1":{"loc":{"start":{"line":80,"column":4},"end":{"line":94,"column":5}},"type":"if","locations":[{"start":{"line":80,"column":4},"end":{"line":94,"column":5}}]},"2":{"loc":{"start":{"line":82,"column":6},"end":{"line":84,"column":7}},"type":"if","locations":[{"start":{"line":82,"column":6},"end":{"line":84,"column":7}}]}},"s":{"0":0,"1":0,"2":0,"3":0,"4":0,"5":0,"6":0,"7":0,"8":0,"9":0,"10":0,"11":0,"12":0,"13":0,"14":0},"f":{"0":0,"1":0,"2":0,"3":0,"4":0},"b":{"0":[0],"1":[0],"2":[0]}}
,"C:\\Meu Projetos\\clinica-oncologica-v02\\quiz-mensal-interface\\components\\error\\ErrorFallback.tsx": {"path":"C:\\Meu Projetos\\clinica-oncologica-v02\\quiz-mensal-interface\\components\\error\\ErrorFallback.tsx","statementMap":{"0":{"start":{"line":13,"column":59},"end":{"line":235,"column":1}},"1":{"start":{"line":18,"column":24},"end":{"line":18,"column":62}},"2":{"start":{"line":20,"column":23},"end":{"line":22,"column":3}},"3":{"start":{"line":21,"column":4},"end":{"line":21,"column":31}},"4":{"start":{"line":24,"column":2},"end":{"line":234,"column":4}}},"fnMap":{"0":{"name":"(anonymous_0)","decl":{"start":{"line":13,"column":59},"end":{"line":13,"column":60}},"loc":{"start":{"line":17,"column":5},"end":{"line":235,"column":1}}},"1":{"name":"(anonymous_1)","decl":{"start":{"line":20,"column":23},"end":{"line":20,"column":32}},"loc":{"start":{"line":20,"column":34},"end":{"line":22,"column":3}}}},"branchMap":{"0":{"loc":{"start":{"line":96,"column":13},"end":{"line":96,"column":50}},"type":"binary-expr","locations":[{"start":{"line":96,"column":13},"end":{"line":96,"column":27}},{"start":{"line":96,"column":31},"end":{"line":96,"column":50}}]},"1":{"loc":{"start":{"line":96,"column":13},"end":{"line":96,"column":27}},"type":"cond-expr","locations":[{"start":{"line":96,"column":18},"end":{"line":96,"column":20}},{"start":{"line":96,"column":13},"end":{"line":96,"column":27}}]},"2":{"loc":{"start":{"line":96,"column":13},"end":{"line":96,"column":20}},"type":"binary-expr","locations":[{"start":{"line":96,"column":13},"end":{"line":96,"column":20}},{"start":{"line":96,"column":13},"end":{"line":96,"column":20}}]},"3":{"loc":{"start":{"line":101,"column":9},"end":{"line":155,"column":null}},"type":"binary-expr","locations":[{"start":{"line":101,"column":9},"end":{"line":101,"column":22}},{"start":{"line":101,"column":26},"end":{"line":101,"column":35}},{"start":{"line":102,"column":10},"end":{"line":154,"column":null}}]},"4":{"loc":{"start":{"line":133,"column":19},"end":{"line":133,"column":31}},"type":"cond-expr","locations":[{"start":{"line":133,"column":24},"end":{"line":133,"column":26}},{"start":{"line":133,"column":19},"end":{"line":133,"column":31}}]},"5":{"loc":{"start":{"line":133,"column":19},"end":{"line":133,"column":26}},"type":"binary-expr","locations":[{"start":{"line":133,"column":19},"end":{"line":133,"column":26}},{"start":{"line":133,"column":19},"end":{"line":133,"column":26}}]}},"s":{"0":0,"1":0,"2":0,"3":0,"4":0},"f":{"0":0,"1":0},"b":{"0":[0,0],"1":[0,0],"2":[0,0],"3":[0,0,0],"4":[0,0],"5":[0,0]}}
,"C:\\Meu Projetos\\clinica-oncologica-v02\\quiz-mensal-interface\\components\\error\\QuizErrorBoundary.tsx": {"path":"C:\\Meu Projetos\\clinica-oncologica-v02\\quiz-mensal-interface\\components\\error\\QuizErrorBoundary.tsx","statementMap":{"0":{"start":{"line":41,"column":60},"end":{"line":338,"column":1}},"1":{"start":{"line":51,"column":22},"end":{"line":51,"column":38}},"2":{"start":{"line":52,"column":26},"end":{"line":52,"column":46}},"3":{"start":{"line":54,"column":26},"end":{"line":62,"column":3}},"4":{"start":{"line":55,"column":4},"end":{"line":57,"column":5}},"5":{"start":{"line":56,"column":6},"end":{"line":56,"column":101}},"6":{"start":{"line":58,"column":4},"end":{"line":60,"column":5}},"7":{"start":{"line":59,"column":6},"end":{"line":59,"column":122}},"8":{"start":{"line":61,"column":4},"end":{"line":61,"column":80}},"9":{"start":{"line":64,"column":24},"end":{"line":68,"column":3}},"10":{"start":{"line":65,"column":4},"end":{"line":65,"column":43}},"11":{"start":{"line":65,"column":21},"end":{"line":65,"column":43}},"12":{"start":{"line":66,"column":4},"end":{"line":66,"column":68}},"13":{"start":{"line":66,"column":25},"end":{"line":66,"column":68}},"14":{"start":{"line":67,"column":4},"end":{"line":67,"column":29}},"15":{"start":{"line":70,"column":2},"end":{"line":337,"column":4}},"16":{"start":{"line":109,"column":18},"end":{"line":109,"column":59}},"17":{"start":{"line":127,"column":29},"end":{"line":127,"column":55}},"18":{"start":{"line":345,"column":4},"end":{"line":345,"column":17}},"19":{"start":{"line":346,"column":4},"end":{"line":346,"column":37}},"20":{"start":{"line":350,"column":4},"end":{"line":350,"column":37}},"21":{"start":{"line":354,"column":61},"end":{"line":354,"column":71}},"22":{"start":{"line":355,"column":20},"end":{"line":355,"column":46}},"23":{"start":{"line":357,"column":4},"end":{"line":365,"column":7}},"24":{"start":{"line":367,"column":4},"end":{"line":371,"column":7}},"25":{"start":{"line":373,"column":4},"end":{"line":375,"column":5}},"26":{"start":{"line":374,"column":6},"end":{"line":374,"column":41}},"27":{"start":{"line":379,"column":52},"end":{"line":379,"column":62}},"28":{"start":{"line":380,"column":86},"end":{"line":380,"column":96}},"29":{"start":{"line":382,"column":4},"end":{"line":404,"column":5}},"30":{"start":{"line":383,"column":6},"end":{"line":385,"column":7}},"31":{"start":{"line":384,"column":8},"end":{"line":384,"column":51}},"32":{"start":{"line":387,"column":6},"end":{"line":403,"column":8}},"33":{"start":{"line":396,"column":12},"end":{"line":396,"column":47}},"34":{"start":{"line":397,"column":12},"end":{"line":397,"column":37}},"35":{"start":{"line":400,"column":12},"end":{"line":400,"column":43}},"36":{"start":{"line":406,"column":4},"end":{"line":406,"column":20}},"37":{"start":{"line":417,"column":27},"end":{"line":420,"column":null}},"38":{"start":{"line":418,"column":4},"end":{"line":419,"column":null}},"39":{"start":{"line":423,"column":2},"end":{"line":423,"column":101}},"40":{"start":{"line":424,"column":2},"end":{"line":424,"column":26}}},"fnMap":{"0":{"name":"(anonymous_0)","decl":{"start":{"line":41,"column":60},"end":{"line":41,"column":61}},"loc":{"start":{"line":50,"column":5},"end":{"line":338,"column":1}}},"1":{"name":"(anonymous_1)","decl":{"start":{"line":54,"column":26},"end":{"line":54,"column":29}},"loc":{"start":{"line":54,"column":31},"end":{"line":62,"column":3}}},"2":{"name":"(anonymous_2)","decl":{"start":{"line":64,"column":24},"end":{"line":64,"column":27}},"loc":{"start":{"line":64,"column":29},"end":{"line":68,"column":3}}},"3":{"name":"(anonymous_3)","decl":{"start":{"line":108,"column":25},"end":{"line":108,"column":28}},"loc":{"start":{"line":108,"column":30},"end":{"line":110,"column":17}}},"4":{"name":"(anonymous_4)","decl":{"start":{"line":127,"column":23},"end":{"line":127,"column":26}},"loc":{"start":{"line":127,"column":29},"end":{"line":127,"column":55}}},"5":{"name":"(anonymous_5)","decl":{"start":{"line":344,"column":2},"end":{"line":344,"column":14}},"loc":{"start":{"line":344,"column":43},"end":{"line":347,"column":3}}},"6":{"name":"(anonymous_6)","decl":{"start":{"line":349,"column":2},"end":{"line":349,"column":8}},"loc":{"start":{"line":349,"column":46},"end":{"line":351,"column":3}}},"7":{"name":"(anonymous_7)","decl":{"start":{"line":353,"column":2},"end":{"line":353,"column":19}},"loc":{"start":{"line":353,"column":54},"end":{"line":376,"column":3}}},"8":{"name":"(anonymous_8)","decl":{"start":{"line":378,"column":2},"end":{"line":378,"column":8}},"loc":{"start":{"line":378,"column":8},"end":{"line":407,"column":3}}},"9":{"name":"(anonymous_9)","decl":{"start":{"line":395,"column":19},"end":{"line":395,"column":22}},"loc":{"start":{"line":395,"column":24},"end":{"line":398,"column":11}}},"10":{"name":"(anonymous_10)","decl":{"start":{"line":399,"column":25},"end":{"line":399,"column":28}},"loc":{"start":{"line":399,"column":30},"end":{"line":401,"column":11}}},"11":{"name":"withQuizErrorBoundary","decl":{"start":{"line":413,"column":16},"end":{"line":413,"column":37}},"loc":{"start":{"line":415,"column":63},"end":{"line":425,"column":1}}},"12":{"name":"(anonymous_12)","decl":{"start":{"line":417,"column":27},"end":{"line":417,"column":28}},"loc":{"start":{"line":418,"column":4},"end":{"line":419,"column":null}}}},"branchMap":{"0":{"loc":{"start":{"line":55,"column":4},"end":{"line":57,"column":5}},"type":"if","locations":[{"start":{"line":55,"column":4},"end":{"line":57,"column":5}}]},"1":{"loc":{"start":{"line":58,"column":4},"end":{"line":60,"column":5}},"type":"if","locations":[{"start":{"line":58,"column":4},"end":{"line":60,"column":5}}]},"2":{"loc":{"start":{"line":61,"column":27},"end":{"line":61,"column":58}},"type":"binary-expr","locations":[{"start":{"line":61,"column":27},"end":{"line":61,"column":40}},{"start":{"line":61,"column":44},"end":{"line":61,"column":58}}]},"3":{"loc":{"start":{"line":65,"column":4},"end":{"line":65,"column":43}},"type":"if","locations":[{"start":{"line":65,"column":4},"end":{"line":65,"column":43}}]},"4":{"loc":{"start":{"line":66,"column":4},"end":{"line":66,"column":68}},"type":"if","locations":[{"start":{"line":66,"column":4},"end":{"line":66,"column":68}}]},"5":{"loc":{"start":{"line":74,"column":11},"end":{"line":74,"column":60}},"type":"cond-expr","locations":[{"start":{"line":74,"column":25},"end":{"line":74,"column":29}},{"start":{"line":74,"column":32},"end":{"line":74,"column":60}}]},"6":{"loc":{"start":{"line":74,"column":32},"end":{"line":74,"column":60}},"type":"cond-expr","locations":[{"start":{"line":74,"column":50},"end":{"line":74,"column":53}},{"start":{"line":74,"column":56},"end":{"line":74,"column":60}}]},"7":{"loc":{"start":{"line":82,"column":11},"end":{"line":92,"column":null}},"type":"binary-expr","locations":[{"start":{"line":82,"column":11},"end":{"line":82,"column":49}},{"start":{"line":83,"column":12},"end":{"line":91,"column":null}}]},"8":{"loc":{"start":{"line":86,"column":46},"end":{"line":86,"column":61}},"type":"binary-expr","locations":[{"start":{"line":86,"column":46},"end":{"line":86,"column":52}},{"start":{"line":86,"column":56},"end":{"line":86,"column":61}}]},"9":{"loc":{"start":{"line":87,"column":46},"end":{"line":87,"column":69}},"type":"binary-expr","locations":[{"start":{"line":87,"column":46},"end":{"line":87,"column":60}},{"start":{"line":87,"column":64},"end":{"line":87,"column":69}}]},"10":{"loc":{"start":{"line":88,"column":49},"end":{"line":88,"column":71}},"type":"binary-expr","locations":[{"start":{"line":88,"column":49},"end":{"line":88,"column":62}},{"start":{"line":88,"column":66},"end":{"line":88,"column":71}}]},"11":{"loc":{"start":{"line":96,"column":13},"end":{"line":102,"column":null}},"type":"binary-expr","locations":[{"start":{"line":96,"column":13},"end":{"line":96,"column":20}},{"start":{"line":97,"column":14},"end":{"line":101,"column":null}}]},"12":{"loc":{"start":{"line":101,"column":17},"end":{"line":101,"column":79}},"type":"cond-expr","locations":[{"start":{"line":101,"column":35},"end":{"line":101,"column":53}},{"start":{"line":101,"column":56},"end":{"line":101,"column":79}}]},"13":{"loc":{"start":{"line":105,"column":13},"end":{"line":113,"column":null}},"type":"binary-expr","locations":[{"start":{"line":105,"column":13},"end":{"line":105,"column":28}},{"start":{"line":106,"column":14},"end":{"line":110,"column":null}}]},"14":{"loc":{"start":{"line":116,"column":13},"end":{"line":122,"column":null}},"type":"binary-expr","locations":[{"start":{"line":116,"column":13},"end":{"line":116,"column":26}},{"start":{"line":116,"column":30},"end":{"line":116,"column":41}},{"start":{"line":117,"column":14},"end":{"line":119,"column":null}}]},"15":{"loc":{"start":{"line":133,"column":11},"end":{"line":142,"column":null}},"type":"binary-expr","locations":[{"start":{"line":133,"column":11},"end":{"line":133,"column":18}},{"start":{"line":134,"column":12},"end":{"line":141,"column":null}}]},"16":{"loc":{"start":{"line":373,"column":4},"end":{"line":375,"column":5}},"type":"if","locations":[{"start":{"line":373,"column":4},"end":{"line":375,"column":5}}]},"17":{"loc":{"start":{"line":380,"column":56},"end":{"line":380,"column":75}},"type":"default-arg","locations":[{"start":{"line":380,"column":64},"end":{"line":380,"column":75}}]},"18":{"loc":{"start":{"line":382,"column":4},"end":{"line":404,"column":5}},"type":"if","locations":[{"start":{"line":382,"column":4},"end":{"line":404,"column":5}}]},"19":{"loc":{"start":{"line":382,"column":8},"end":{"line":382,"column":38}},"type":"binary-expr","locations":[{"start":{"line":382,"column":8},"end":{"line":382,"column":16}},{"start":{"line":382,"column":20},"end":{"line":382,"column":25}},{"start":{"line":382,"column":29},"end":{"line":382,"column":38}}]},"20":{"loc":{"start":{"line":383,"column":6},"end":{"line":385,"column":7}},"type":"if","locations":[{"start":{"line":383,"column":6},"end":{"line":385,"column":7}}]},"21":{"loc":{"start":{"line":423,"column":58},"end":{"line":423,"column":97}},"type":"binary-expr","locations":[{"start":{"line":423,"column":58},"end":{"line":423,"column":79}},{"start":{"line":423,"column":83},"end":{"line":423,"column":97}}]}},"s":{"0":0,"1":0,"2":0,"3":0,"4":0,"5":0,"6":0,"7":0,"8":0,"9":0,"10":0,"11":0,"12":0,"13":0,"14":0,"15":0,"16":0,"17":0,"18":0,"19":0,"20":0,"21":0,"22":0,"23":0,"24":0,"25":0,"26":0,"27":0,"28":0,"29":0,"30":0,"31":0,"32":0,"33":0,"34":0,"35":0,"36":0,"37":0,"38":0,"39":0,"40":0},"f":{"0":0,"1":0,"2":0,"3":0,"4":0,"5":0,"6":0,"7":0,"8":0,"9":0,"10":0,"11":0,"12":0},"b":{"0":[0],"1":[0],"2":[0,0],"3":[0],"4":[0],"5":[0,0],"6":[0,0],"7":[0,0],"8":[0,0],"9":[0,0],"10":[0,0],"11":[0,0],"12":[0,0],"13":[0,0],"14":[0,0,0],"15":[0,0],"16":[0],"17":[0],"18":[0],"19":[0,0,0],"20":[0],"21":[0,0]}}
,"C:\\Meu Projetos\\clinica-oncologica-v02\\quiz-mensal-interface\\components\\quiz\\QuizCompletion.tsx": {"path":"C:\\Meu Projetos\\clinica-oncologica-v02\\quiz-mensal-interface\\components\\quiz\\QuizCompletion.tsx","statementMap":{"0":{"start":{"line":9,"column":30},"end":{"line":32,"column":2}},"1":{"start":{"line":10,"column":2},"end":{"line":31,"column":null}}},"fnMap":{"0":{"name":"QuizCompletion","decl":{"start":{"line":9,"column":44},"end":{"line":9,"column":58}},"loc":{"start":{"line":9,"column":93},"end":{"line":32,"column":1}}}},"branchMap":{},"s":{"0":0,"1":0},"f":{"0":0},"b":{}}
,"C:\\Meu Projetos\\clinica-oncologica-v02\\quiz-mensal-interface\\components\\quiz\\QuizContainer.tsx": {"path":"C:\\Meu Projetos\\clinica-oncologica-v02\\quiz-mensal-interface\\components\\quiz\\QuizContainer.tsx","statementMap":{"0":{"start":{"line":28,"column":20},"end":{"line":32,"column":4}},"1":{"start":{"line":33,"column":21},"end":{"line":33,"column":36}},"2":{"start":{"line":36,"column":28},"end":{"line":39,"column":3}},"3":{"start":{"line":37,"column":4},"end":{"line":37,"column":null}},"4":{"start":{"line":38,"column":4},"end":{"line":38,"column":null}},"5":{"start":{"line":42,"column":2},"end":{"line":53,"column":3}},"6":{"start":{"line":43,"column":4},"end":{"line":52,"column":null}},"7":{"start":{"line":56,"column":2},"end":{"line":67,"column":3}},"8":{"start":{"line":57,"column":4},"end":{"line":66,"column":null}},"9":{"start":{"line":69,"column":21},"end":{"line":90,"column":4}},"10":{"start":{"line":79,"column":6},"end":{"line":79,"column":null}},"11":{"start":{"line":82,"column":6},"end":{"line":82,"column":null}},"12":{"start":{"line":82,"column":48},"end":{"line":82,"column":56}},"13":{"start":{"line":83,"column":6},"end":{"line":83,"column":null}},"14":{"start":{"line":86,"column":6},"end":{"line":86,"column":null}},"15":{"start":{"line":87,"column":6},"end":{"line":87,"column":null}},"16":{"start":{"line":92,"column":32},"end":{"line":98,"column":3}},"17":{"start":{"line":93,"column":4},"end":{"line":93,"column":null}},"18":{"start":{"line":94,"column":26},"end":{"line":94,"column":108}},"19":{"start":{"line":95,"column":4},"end":{"line":97,"column":5}},"20":{"start":{"line":96,"column":6},"end":{"line":96,"column":null}},"21":{"start":{"line":101,"column":2},"end":{"line":103,"column":3}},"22":{"start":{"line":102,"column":4},"end":{"line":102,"column":null}},"23":{"start":{"line":105,"column":2},"end":{"line":159,"column":null}},"24":{"start":{"line":146,"column":30},"end":{"line":146,"column":98}}},"fnMap":{"0":{"name":"QuizContainer","decl":{"start":{"line":22,"column":24},"end":{"line":22,"column":37}},"loc":{"start":{"line":27,"column":21},"end":{"line":160,"column":1}}},"1":{"name":"(anonymous_1)","decl":{"start":{"line":36,"column":28},"end":{"line":36,"column":29}},"loc":{"start":{"line":36,"column":49},"end":{"line":39,"column":3}}},"2":{"name":"(anonymous_2)","decl":{"start":{"line":78,"column":19},"end":{"line":78,"column":20}},"loc":{"start":{"line":78,"column":42},"end":{"line":80,"column":5}}},"3":{"name":"(anonymous_3)","decl":{"start":{"line":81,"column":20},"end":{"line":81,"column":23}},"loc":{"start":{"line":81,"column":25},"end":{"line":84,"column":5}}},"4":{"name":"(anonymous_4)","decl":{"start":{"line":82,"column":40},"end":{"line":82,"column":44}},"loc":{"start":{"line":82,"column":48},"end":{"line":82,"column":56}}},"5":{"name":"(anonymous_5)","decl":{"start":{"line":85,"column":16},"end":{"line":85,"column":19}},"loc":{"start":{"line":85,"column":21},"end":{"line":88,"column":5}}},"6":{"name":"(anonymous_6)","decl":{"start":{"line":92,"column":32},"end":{"line":92,"column":33}},"loc":{"start":{"line":92,"column":75},"end":{"line":98,"column":3}}},"7":{"name":"(anonymous_7)","decl":{"start":{"line":146,"column":24},"end":{"line":146,"column":27}},"loc":{"start":{"line":146,"column":30},"end":{"line":146,"column":98}}}},"branchMap":{"0":{"loc":{"start":{"line":38,"column":4},"end":{"line":38,"column":29}},"type":"cond-expr","locations":[{"start":{"line":38,"column":17},"end":{"line":38,"column":20}},{"start":{"line":38,"column":4},"end":{"line":38,"column":29}}]},"1":{"loc":{"start":{"line":38,"column":4},"end":{"line":38,"column":20}},"type":"binary-expr","locations":[{"start":{"line":38,"column":4},"end":{"line":38,"column":20}},{"start":{"line":38,"column":4},"end":{"line":38,"column":20}}]},"2":{"loc":{"start":{"line":42,"column":2},"end":{"line":53,"column":3}},"type":"if","locations":[{"start":{"line":42,"column":2},"end":{"line":53,"column":3}}]},"3":{"loc":{"start":{"line":56,"column":2},"end":{"line":67,"column":3}},"type":"if","locations":[{"start":{"line":56,"column":2},"end":{"line":67,"column":3}}]},"4":{"loc":{"start":{"line":87,"column":6},"end":{"line":87,"column":20}},"type":"cond-expr","locations":[{"start":{"line":87,"column":16},"end":{"line":87,"column":20}},{"start":{"line":87,"column":6},"end":{"line":87,"column":20}}]},"5":{"loc":{"start":{"line":87,"column":6},"end":{"line":87,"column":20}},"type":"binary-expr","locations":[{"start":{"line":87,"column":6},"end":{"line":87,"column":20}},{"start":{"line":87,"column":6},"end":{"line":87,"column":20}}]},"6":{"loc":{"start":{"line":95,"column":4},"end":{"line":97,"column":5}},"type":"if","locations":[{"start":{"line":95,"column":4},"end":{"line":97,"column":5}}]},"7":{"loc":{"start":{"line":101,"column":2},"end":{"line":103,"column":3}},"type":"if","locations":[{"start":{"line":101,"column":2},"end":{"line":103,"column":3}}]},"8":{"loc":{"start":{"line":134,"column":27},"end":{"line":134,"column":87}},"type":"binary-expr","locations":[{"start":{"line":134,"column":27},"end":{"line":134,"column":81}},{"start":{"line":134,"column":85},"end":{"line":134,"column":87}}]}},"s":{"0":0,"1":0,"2":0,"3":0,"4":0,"5":0,"6":0,"7":0,"8":0,"9":0,"10":0,"11":0,"12":0,"13":0,"14":0,"15":0,"16":0,"17":0,"18":0,"19":0,"20":0,"21":0,"22":0,"23":0,"24":0},"f":{"0":0,"1":0,"2":0,"3":0,"4":0,"5":0,"6":0,"7":0},"b":{"0":[0,0],"1":[0,0],"2":[0],"3":[0],"4":[0,0],"5":[0,0],"6":[0],"7":[0],"8":[0,0]}}
,"C:\\Meu Projetos\\clinica-oncologica-v02\\quiz-mensal-interface\\components\\quiz\\QuizHeader.tsx": {"path":"C:\\Meu Projetos\\clinica-oncologica-v02\\quiz-mensal-interface\\components\\quiz\\QuizHeader.tsx","statementMap":{"0":{"start":{"line":1,"column":0},"end":{"line":1,"column":37}},"1":{"start":{"line":2,"column":0},"end":{"line":2,"column":28}},"2":{"start":{"line":9,"column":13},"end":{"line":19,"column":null}},"3":{"start":{"line":10,"column":2},"end":{"line":18,"column":null}}},"fnMap":{"0":{"name":"QuizHeader","decl":{"start":{"line":9,"column":40},"end":{"line":9,"column":50}},"loc":{"start":{"line":9,"column":97},"end":{"line":19,"column":1}}}},"branchMap":{},"s":{"0":1,"1":1,"2":1,"3":17},"f":{"0":17},"b":{}}
,"C:\\Meu Projetos\\clinica-oncologica-v02\\quiz-mensal-interface\\components\\quiz\\QuizNavigation.tsx": {"path":"C:\\Meu Projetos\\clinica-oncologica-v02\\quiz-mensal-interface\\components\\quiz\\QuizNavigation.tsx","statementMap":{"0":{"start":{"line":14,"column":30},"end":{"line":60,"column":2}},"1":{"start":{"line":22,"column":2},"end":{"line":59,"column":null}}},"fnMap":{"0":{"name":"QuizNavigation","decl":{"start":{"line":14,"column":44},"end":{"line":14,"column":58}},"loc":{"start":{"line":21,"column":22},"end":{"line":60,"column":1}}}},"branchMap":{"0":{"loc":{"start":{"line":24,"column":7},"end":{"line":33,"column":null}},"type":"binary-expr","locations":[{"start":{"line":24,"column":7},"end":{"line":24,"column":31}},{"start":{"line":25,"column":8},"end":{"line":31,"column":null}}]},"1":{"loc":{"start":{"line":38,"column":18},"end":{"line":38,"column":44}},"type":"binary-expr","locations":[{"start":{"line":38,"column":18},"end":{"line":38,"column":28}},{"start":{"line":38,"column":32},"end":{"line":38,"column":44}}]},"2":{"loc":{"start":{"line":41,"column":9},"end":{"line":55,"column":null}},"type":"cond-expr","locations":[{"start":{"line":42,"column":10},"end":{"line":43,"column":null}},{"start":{"line":46,"column":12},"end":{"line":55,"column":null}}]},"3":{"loc":{"start":{"line":46,"column":12},"end":{"line":55,"column":null}},"type":"cond-expr","locations":[{"start":{"line":47,"column":10},"end":{"line":48,"column":null}},{"start":{"line":52,"column":10},"end":{"line":54,"column":null}}]}},"s":{"0":0,"1":0},"f":{"0":0},"b":{"0":[0,0],"1":[0,0],"2":[0,0],"3":[0,0]}}
,"C:\\Meu Projetos\\clinica-oncologica-v02\\quiz-mensal-interface\\components\\quiz\\QuizProgress.tsx": {"path":"C:\\Meu Projetos\\clinica-oncologica-v02\\quiz-mensal-interface\\components\\quiz\\QuizProgress.tsx","statementMap":{"0":{"start":{"line":1,"column":0},"end":{"line":1,"column":51}},"1":{"start":{"line":2,"column":0},"end":{"line":2,"column":28}},"2":{"start":{"line":10,"column":13},"end":{"line":24,"column":null}},"3":{"start":{"line":15,"column":2},"end":{"line":23,"column":null}}},"fnMap":{"0":{"name":"QuizProgress","decl":{"start":{"line":10,"column":42},"end":{"line":10,"column":54}},"loc":{"start":{"line":14,"column":20},"end":{"line":24,"column":1}}}},"branchMap":{},"s":{"0":1,"1":1,"2":1,"3":27},"f":{"0":27},"b":{}}
,"C:\\Meu Projetos\\clinica-oncologica-v02\\quiz-mensal-interface\\components\\quiz\\QuestionRenderer\\MultipleChoice.tsx": {"path":"C:\\Meu Projetos\\clinica-oncologica-v02\\quiz-mensal-interface\\components\\quiz\\QuestionRenderer\\MultipleChoice.tsx","statementMap":{"0":{"start":{"line":15,"column":30},"end":{"line":127,"column":2}},"1":{"start":{"line":22,"column":34},"end":{"line":22,"column":36}},"2":{"start":{"line":25,"column":27},"end":{"line":31,"column":4}},"3":{"start":{"line":26,"column":4},"end":{"line":26,"column":null}},"4":{"start":{"line":26,"column":33},"end":{"line":26,"column":null}},"5":{"start":{"line":27,"column":4},"end":{"line":30,"column":null}},"6":{"start":{"line":32,"column":32},"end":{"line":32,"column":103}},"7":{"start":{"line":34,"column":2},"end":{"line":40,"column":3}},"8":{"start":{"line":35,"column":4},"end":{"line":39,"column":5}},"9":{"start":{"line":36,"column":6},"end":{"line":36,"column":null}},"10":{"start":{"line":37,"column":11},"end":{"line":39,"column":5}},"11":{"start":{"line":38,"column":6},"end":{"line":38,"column":null}},"12":{"start":{"line":42,"column":2},"end":{"line":126,"column":null}},"13":{"start":{"line":45,"column":28},"end":{"line":45,"column":78}},"14":{"start":{"line":46,"column":27},"end":{"line":46,"column":76}},"15":{"start":{"line":47,"column":8},"end":{"line":77,"column":null}},"16":{"start":{"line":57,"column":16},"end":{"line":61,"column":17}},"17":{"start":{"line":58,"column":18},"end":{"line":58,"column":null}},"18":{"start":{"line":60,"column":18},"end":{"line":60,"column":null}},"19":{"start":{"line":60,"column":59},"end":{"line":60,"column":76}},"20":{"start":{"line":63,"column":16},"end":{"line":67,"column":17}},"21":{"start":{"line":64,"column":18},"end":{"line":64,"column":null}},"22":{"start":{"line":66,"column":18},"end":{"line":66,"column":null}},"23":{"start":{"line":89,"column":16},"end":{"line":99,"column":17}},"24":{"start":{"line":90,"column":18},"end":{"line":90,"column":null}},"25":{"start":{"line":91,"column":18},"end":{"line":91,"column":null}},"26":{"start":{"line":93,"column":18},"end":{"line":93,"column":null}},"27":{"start":{"line":93,"column":59},"end":{"line":93,"column":86}},"28":{"start":{"line":94,"column":18},"end":{"line":98,"column":19}},"29":{"start":{"line":95,"column":20},"end":{"line":95,"column":null}},"30":{"start":{"line":97,"column":20},"end":{"line":97,"column":null}},"31":{"start":{"line":115,"column":16},"end":{"line":115,"column":null}},"32":{"start":{"line":116,"column":16},"end":{"line":116,"column":null}}},"fnMap":{"0":{"name":"MultipleChoice","decl":{"start":{"line":15,"column":44},"end":{"line":15,"column":58}},"loc":{"start":{"line":21,"column":22},"end":{"line":127,"column":1}}},"1":{"name":"(anonymous_1)","decl":{"start":{"line":25,"column":50},"end":{"line":25,"column":53}},"loc":{"start":{"line":25,"column":56},"end":{"line":31,"column":3}}},"2":{"name":"(anonymous_2)","decl":{"start":{"line":44,"column":29},"end":{"line":44,"column":30}},"loc":{"start":{"line":44,"column":47},"end":{"line":78,"column":7}}},"3":{"name":"(anonymous_3)","decl":{"start":{"line":55,"column":31},"end":{"line":55,"column":32}},"loc":{"start":{"line":55,"column":43},"end":{"line":68,"column":15}}},"4":{"name":"(anonymous_4)","decl":{"start":{"line":60,"column":54},"end":{"line":60,"column":55}},"loc":{"start":{"line":60,"column":59},"end":{"line":60,"column":76}}},"5":{"name":"(anonymous_5)","decl":{"start":{"line":87,"column":31},"end":{"line":87,"column":32}},"loc":{"start":{"line":87,"column":43},"end":{"line":100,"column":15}}},"6":{"name":"(anonymous_6)","decl":{"start":{"line":93,"column":54},"end":{"line":93,"column":55}},"loc":{"start":{"line":93,"column":59},"end":{"line":93,"column":86}}},"7":{"name":"(anonymous_7)","decl":{"start":{"line":114,"column":24},"end":{"line":114,"column":25}},"loc":{"start":{"line":114,"column":30},"end":{"line":117,"column":15}}}},"branchMap":{"0":{"loc":{"start":{"line":25,"column":27},"end":{"line":31,"column":4}},"type":"cond-expr","locations":[{"start":{"line":25,"column":43},"end":{"line":25,"column":45}},{"start":{"line":25,"column":43},"end":{"line":31,"column":4}}]},"1":{"loc":{"start":{"line":25,"column":27},"end":{"line":25,"column":45}},"type":"binary-expr","locations":[{"start":{"line":25,"column":27},"end":{"line":25,"column":45}},{"start":{"line":25,"column":43},"end":{"line":25,"column":45}}]},"2":{"loc":{"start":{"line":26,"column":4},"end":{"line":26,"column":null}},"type":"if","locations":[{"start":{"line":26,"column":4},"end":{"line":26,"column":null}}]},"3":{"loc":{"start":{"line":27,"column":11},"end":{"line":30,"column":46}},"type":"binary-expr","locations":[{"start":{"line":27,"column":11},"end":{"line":27,"column":35}},{"start":{"line":28,"column":11},"end":{"line":28,"column":46}},{"start":{"line":29,"column":11},"end":{"line":29,"column":46}},{"start":{"line":30,"column":11},"end":{"line":30,"column":46}}]},"4":{"loc":{"start":{"line":32,"column":32},"end":{"line":32,"column":103}},"type":"cond-expr","locations":[{"start":{"line":32,"column":71},"end":{"line":32,"column":93}},{"start":{"line":32,"column":96},"end":{"line":32,"column":103}}]},"5":{"loc":{"start":{"line":34,"column":2},"end":{"line":40,"column":3}},"type":"if","locations":[{"start":{"line":34,"column":2},"end":{"line":40,"column":3}}]},"6":{"loc":{"start":{"line":35,"column":4},"end":{"line":39,"column":5}},"type":"if","locations":[{"start":{"line":35,"column":4},"end":{"line":39,"column":5}},{"start":{"line":37,"column":11},"end":{"line":39,"column":5}}]},"7":{"loc":{"start":{"line":37,"column":11},"end":{"line":39,"column":5}},"type":"if","locations":[{"start":{"line":37,"column":11},"end":{"line":39,"column":5}}]},"8":{"loc":{"start":{"line":37,"column":15},"end":{"line":37,"column":80}},"type":"binary-expr","locations":[{"start":{"line":37,"column":15},"end":{"line":37,"column":49}},{"start":{"line":37,"column":53},"end":{"line":37,"column":80}}]},"9":{"loc":{"start":{"line":44,"column":7},"end":{"line":78,"column":8}},"type":"cond-expr","locations":[{"start":{"line":44,"column":23},"end":{"line":44,"column":25}},{"start":{"line":44,"column":23},"end":{"line":78,"column":8}}]},"10":{"loc":{"start":{"line":44,"column":7},"end":{"line":44,"column":25}},"type":"binary-expr","locations":[{"start":{"line":44,"column":7},"end":{"line":44,"column":25}},{"start":{"line":44,"column":23},"end":{"line":44,"column":25}}]},"11":{"loc":{"start":{"line":45,"column":28},"end":{"line":45,"column":78}},"type":"cond-expr","locations":[{"start":{"line":45,"column":57},"end":{"line":45,"column":63}},{"start":{"line":45,"column":66},"end":{"line":45,"column":78}}]},"12":{"loc":{"start":{"line":46,"column":27},"end":{"line":46,"column":76}},"type":"cond-expr","locations":[{"start":{"line":46,"column":56},"end":{"line":46,"column":62}},{"start":{"line":46,"column":65},"end":{"line":46,"column":76}}]},"13":{"loc":{"start":{"line":57,"column":16},"end":{"line":61,"column":17}},"type":"if","locations":[{"start":{"line":57,"column":16},"end":{"line":61,"column":17}},{"start":{"line":59,"column":23},"end":{"line":61,"column":17}}]},"14":{"loc":{"start":{"line":63,"column":16},"end":{"line":67,"column":17}},"type":"if","locations":[{"start":{"line":63,"column":16},"end":{"line":67,"column":17}},{"start":{"line":65,"column":23},"end":{"line":67,"column":17}}]},"15":{"loc":{"start":{"line":49,"column":17},"end":{"line":49,"column":63}},"type":"cond-expr","locations":[{"start":{"line":49,"column":46},"end":{"line":49,"column":51}},{"start":{"line":49,"column":54},"end":{"line":49,"column":63}}]},"16":{"loc":{"start":{"line":81,"column":7},"end":{"line":123,"column":null}},"type":"binary-expr","locations":[{"start":{"line":81,"column":7},"end":{"line":81,"column":27}},{"start":{"line":82,"column":8},"end":{"line":122,"column":null}}]},"17":{"loc":{"start":{"line":89,"column":16},"end":{"line":99,"column":17}},"type":"if","locations":[{"start":{"line":89,"column":16},"end":{"line":99,"column":17}},{"start":{"line":92,"column":23},"end":{"line":99,"column":17}}]},"18":{"loc":{"start":{"line":94,"column":18},"end":{"line":98,"column":19}},"type":"if","locations":[{"start":{"line":94,"column":18},"end":{"line":98,"column":19}},{"start":{"line":96,"column":25},"end":{"line":98,"column":19}}]},"19":{"loc":{"start":{"line":111,"column":11},"end":{"line":121,"column":null}},"type":"binary-expr","locations":[{"start":{"line":111,"column":11},"end":{"line":111,"column":58}},{"start":{"line":112,"column":12},"end":{"line":120,"column":null}}]}},"s":{"0":0,"1":0,"2":0,"3":0,"4":0,"5":0,"6":0,"7":0,"8":0,"9":0,"10":0,"11":0,"12":0,"13":0,"14":0,"15":0,"16":0,"17":0,"18":0,"19":0,"20":0,"21":0,"22":0,"23":0,"24":0,"25":0,"26":0,"27":0,"28":0,"29":0,"30":0,"31":0,"32":0},"f":{"0":0,"1":0,"2":0,"3":0,"4":0,"5":0,"6":0,"7":0},"b":{"0":[0,0],"1":[0,0],"2":[0],"3":[0,0,0,0],"4":[0,0],"5":[0],"6":[0,0],"7":[0],"8":[0,0],"9":[0,0],"10":[0,0],"11":[0,0],"12":[0,0],"13":[0,0],"14":[0,0],"15":[0,0],"16":[0,0],"17":[0,0],"18":[0,0],"19":[0,0]}}
,"C:\\Meu Projetos\\clinica-oncologica-v02\\quiz-mensal-interface\\components\\quiz\\QuestionRenderer\\Scale.tsx": {"path":"C:\\Meu Projetos\\clinica-oncologica-v02\\quiz-mensal-interface\\components\\quiz\\QuestionRenderer\\Scale.tsx","statementMap":{"0":{"start":{"line":10,"column":21},"end":{"line":44,"column":2}},"1":{"start":{"line":15,"column":19},"end":{"line":15,"column":42}},"2":{"start":{"line":16,"column":19},"end":{"line":16,"column":43}},"3":{"start":{"line":17,"column":22},"end":{"line":17,"column":93}},"4":{"start":{"line":17,"column":80},"end":{"line":17,"column":92}},"5":{"start":{"line":19,"column":2},"end":{"line":43,"column":null}},"6":{"start":{"line":23,"column":10},"end":{"line":24,"column":null}},"7":{"start":{"line":25,"column":27},"end":{"line":25,"column":59}}},"fnMap":{"0":{"name":"Scale","decl":{"start":{"line":10,"column":35},"end":{"line":10,"column":40}},"loc":{"start":{"line":14,"column":13},"end":{"line":44,"column":1}}},"1":{"name":"(anonymous_1)","decl":{"start":{"line":17,"column":70},"end":{"line":17,"column":71}},"loc":{"start":{"line":17,"column":80},"end":{"line":17,"column":92}}},"2":{"name":"(anonymous_2)","decl":{"start":{"line":22,"column":25},"end":{"line":22,"column":26}},"loc":{"start":{"line":23,"column":10},"end":{"line":24,"column":null}}},"3":{"name":"(anonymous_3)","decl":{"start":{"line":25,"column":21},"end":{"line":25,"column":24}},"loc":{"start":{"line":25,"column":27},"end":{"line":25,"column":59}}}},"branchMap":{"0":{"loc":{"start":{"line":15,"column":19},"end":{"line":15,"column":42}},"type":"binary-expr","locations":[{"start":{"line":15,"column":19},"end":{"line":15,"column":37}},{"start":{"line":15,"column":41},"end":{"line":15,"column":42}}]},"1":{"loc":{"start":{"line":16,"column":19},"end":{"line":16,"column":43}},"type":"binary-expr","locations":[{"start":{"line":16,"column":19},"end":{"line":16,"column":37}},{"start":{"line":16,"column":41},"end":{"line":16,"column":43}}]},"2":{"loc":{"start":{"line":28,"column":16},"end":{"line":30,"column":null}},"type":"cond-expr","locations":[{"start":{"line":29,"column":18},"end":{"line":29,"column":89}},{"start":{"line":30,"column":18},"end":{"line":30,"column":null}}]}},"s":{"0":0,"1":0,"2":0,"3":0,"4":0,"5":0,"6":0,"7":0},"f":{"0":0,"1":0,"2":0,"3":0},"b":{"0":[0,0],"1":[0,0],"2":[0,0]}}
,"C:\\Meu Projetos\\clinica-oncologica-v02\\quiz-mensal-interface\\components\\quiz\\QuestionRenderer\\SingleChoice.tsx": {"path":"C:\\Meu Projetos\\clinica-oncologica-v02\\quiz-mensal-interface\\components\\quiz\\QuestionRenderer\\SingleChoice.tsx","statementMap":{"0":{"start":{"line":15,"column":28},"end":{"line":96,"column":2}},"1":{"start":{"line":22,"column":22},"end":{"line":24,"column":38}},"2":{"start":{"line":27,"column":22},"end":{"line":33,"column":4}},"3":{"start":{"line":28,"column":4},"end":{"line":28,"column":null}},"4":{"start":{"line":28,"column":33},"end":{"line":28,"column":null}},"5":{"start":{"line":29,"column":4},"end":{"line":32,"column":null}},"6":{"start":{"line":34,"column":27},"end":{"line":34,"column":88}},"7":{"start":{"line":36,"column":2},"end":{"line":95,"column":null}},"8":{"start":{"line":41,"column":10},"end":{"line":45,"column":11}},"9":{"start":{"line":42,"column":12},"end":{"line":42,"column":null}},"10":{"start":{"line":44,"column":12},"end":{"line":44,"column":null}},"11":{"start":{"line":50,"column":30},"end":{"line":50,"column":80}},"12":{"start":{"line":51,"column":29},"end":{"line":51,"column":78}},"13":{"start":{"line":52,"column":10},"end":{"line":65,"column":null}},"14":{"start":{"line":85,"column":33},"end":{"line":85,"column":84}}},"fnMap":{"0":{"name":"SingleChoice","decl":{"start":{"line":15,"column":42},"end":{"line":15,"column":54}},"loc":{"start":{"line":21,"column":20},"end":{"line":96,"column":1}}},"1":{"name":"(anonymous_1)","decl":{"start":{"line":27,"column":45},"end":{"line":27,"column":48}},"loc":{"start":{"line":27,"column":51},"end":{"line":33,"column":3}}},"2":{"name":"(anonymous_2)","decl":{"start":{"line":40,"column":23},"end":{"line":40,"column":24}},"loc":{"start":{"line":40,"column":33},"end":{"line":46,"column":9}}},"3":{"name":"(anonymous_3)","decl":{"start":{"line":49,"column":31},"end":{"line":49,"column":32}},"loc":{"start":{"line":49,"column":49},"end":{"line":66,"column":9}}},"4":{"name":"(anonymous_4)","decl":{"start":{"line":85,"column":26},"end":{"line":85,"column":27}},"loc":{"start":{"line":85,"column":33},"end":{"line":85,"column":84}}}},"branchMap":{"0":{"loc":{"start":{"line":22,"column":22},"end":{"line":24,"column":38}},"type":"cond-expr","locations":[{"start":{"line":23,"column":6},"end":{"line":23,"column":26}},{"start":{"line":24,"column":7},"end":{"line":24,"column":37}}]},"1":{"loc":{"start":{"line":22,"column":22},"end":{"line":22,"column":103}},"type":"binary-expr","locations":[{"start":{"line":22,"column":22},"end":{"line":22,"column":56}},{"start":{"line":22,"column":60},"end":{"line":22,"column":74}},{"start":{"line":22,"column":78},"end":{"line":22,"column":103}}]},"2":{"loc":{"start":{"line":24,"column":7},"end":{"line":24,"column":37}},"type":"binary-expr","locations":[{"start":{"line":24,"column":7},"end":{"line":24,"column":31}},{"start":{"line":24,"column":35},"end":{"line":24,"column":37}}]},"3":{"loc":{"start":{"line":27,"column":22},"end":{"line":33,"column":4}},"type":"cond-expr","locations":[{"start":{"line":27,"column":38},"end":{"line":27,"column":40}},{"start":{"line":27,"column":38},"end":{"line":33,"column":4}}]},"4":{"loc":{"start":{"line":27,"column":22},"end":{"line":27,"column":40}},"type":"binary-expr","locations":[{"start":{"line":27,"column":22},"end":{"line":27,"column":40}},{"start":{"line":27,"column":38},"end":{"line":27,"column":40}}]},"5":{"loc":{"start":{"line":28,"column":4},"end":{"line":28,"column":null}},"type":"if","locations":[{"start":{"line":28,"column":4},"end":{"line":28,"column":null}}]},"6":{"loc":{"start":{"line":29,"column":11},"end":{"line":32,"column":46}},"type":"binary-expr","locations":[{"start":{"line":29,"column":11},"end":{"line":29,"column":35}},{"start":{"line":30,"column":11},"end":{"line":30,"column":46}},{"start":{"line":31,"column":11},"end":{"line":31,"column":46}},{"start":{"line":32,"column":11},"end":{"line":32,"column":46}}]},"7":{"loc":{"start":{"line":34,"column":27},"end":{"line":34,"column":88}},"type":"cond-expr","locations":[{"start":{"line":34,"column":61},"end":{"line":34,"column":78}},{"start":{"line":34,"column":81},"end":{"line":34,"column":88}}]},"8":{"loc":{"start":{"line":41,"column":10},"end":{"line":45,"column":11}},"type":"if","locations":[{"start":{"line":41,"column":10},"end":{"line":45,"column":11}},{"start":{"line":43,"column":17},"end":{"line":45,"column":11}}]},"9":{"loc":{"start":{"line":49,"column":9},"end":{"line":66,"column":10}},"type":"cond-expr","locations":[{"start":{"line":49,"column":25},"end":{"line":49,"column":27}},{"start":{"line":49,"column":25},"end":{"line":66,"column":10}}]},"10":{"loc":{"start":{"line":49,"column":9},"end":{"line":49,"column":27}},"type":"binary-expr","locations":[{"start":{"line":49,"column":9},"end":{"line":49,"column":27}},{"start":{"line":49,"column":25},"end":{"line":49,"column":27}}]},"11":{"loc":{"start":{"line":50,"column":30},"end":{"line":50,"column":80}},"type":"cond-expr","locations":[{"start":{"line":50,"column":59},"end":{"line":50,"column":65}},{"start":{"line":50,"column":68},"end":{"line":50,"column":80}}]},"12":{"loc":{"start":{"line":51,"column":29},"end":{"line":51,"column":78}},"type":"cond-expr","locations":[{"start":{"line":51,"column":58},"end":{"line":51,"column":64}},{"start":{"line":51,"column":67},"end":{"line":51,"column":78}}]},"13":{"loc":{"start":{"line":54,"column":19},"end":{"line":54,"column":65}},"type":"cond-expr","locations":[{"start":{"line":54,"column":48},"end":{"line":54,"column":53}},{"start":{"line":54,"column":56},"end":{"line":54,"column":65}}]},"14":{"loc":{"start":{"line":69,"column":9},"end":{"line":91,"column":null}},"type":"binary-expr","locations":[{"start":{"line":69,"column":9},"end":{"line":69,"column":29}},{"start":{"line":70,"column":10},"end":{"line":90,"column":null}}]},"15":{"loc":{"start":{"line":82,"column":13},"end":{"line":89,"column":null}},"type":"binary-expr","locations":[{"start":{"line":82,"column":13},"end":{"line":82,"column":45}},{"start":{"line":83,"column":14},"end":{"line":88,"column":null}}]}},"s":{"0":0,"1":0,"2":0,"3":0,"4":0,"5":0,"6":0,"7":0,"8":0,"9":0,"10":0,"11":0,"12":0,"13":0,"14":0},"f":{"0":0,"1":0,"2":0,"3":0,"4":0},"b":{"0":[0,0],"1":[0,0,0],"2":[0,0],"3":[0,0],"4":[0,0],"5":[0],"6":[0,0,0,0],"7":[0,0],"8":[0,0],"9":[0,0],"10":[0,0],"11":[0,0],"12":[0,0],"13":[0,0],"14":[0,0],"15":[0,0]}}
,"C:\\Meu Projetos\\clinica-oncologica-v02\\quiz-mensal-interface\\components\\quiz\\QuestionRenderer\\TextQuestion.tsx": {"path":"C:\\Meu Projetos\\clinica-oncologica-v02\\quiz-mensal-interface\\components\\quiz\\QuestionRenderer\\TextQuestion.tsx","statementMap":{"0":{"start":{"line":10,"column":28},"end":{"line":22,"column":2}},"1":{"start":{"line":14,"column":2},"end":{"line":21,"column":null}},"2":{"start":{"line":17,"column":23},"end":{"line":17,"column":53}}},"fnMap":{"0":{"name":"TextQuestion","decl":{"start":{"line":10,"column":42},"end":{"line":10,"column":54}},"loc":{"start":{"line":13,"column":20},"end":{"line":22,"column":1}}},"1":{"name":"(anonymous_1)","decl":{"start":{"line":17,"column":16},"end":{"line":17,"column":17}},"loc":{"start":{"line":17,"column":23},"end":{"line":17,"column":53}}}},"branchMap":{"0":{"loc":{"start":{"line":16,"column":13},"end":{"line":16,"column":43}},"type":"binary-expr","locations":[{"start":{"line":16,"column":13},"end":{"line":16,"column":37}},{"start":{"line":16,"column":41},"end":{"line":16,"column":43}}]}},"s":{"0":0,"1":0,"2":0},"f":{"0":0,"1":0},"b":{"0":[0,0]}}
,"C:\\Meu Projetos\\clinica-oncologica-v02\\quiz-mensal-interface\\components\\quiz\\QuestionRenderer\\YesNo.tsx": {"path":"C:\\Meu Projetos\\clinica-oncologica-v02\\quiz-mensal-interface\\components\\quiz\\QuestionRenderer\\YesNo.tsx","statementMap":{"0":{"start":{"line":11,"column":21},"end":{"line":35,"column":2}},"1":{"start":{"line":15,"column":2},"end":{"line":34,"column":null}}},"fnMap":{"0":{"name":"YesNo","decl":{"start":{"line":11,"column":35},"end":{"line":11,"column":40}},"loc":{"start":{"line":14,"column":13},"end":{"line":35,"column":1}}}},"branchMap":{"0":{"loc":{"start":{"line":17,"column":13},"end":{"line":17,"column":43}},"type":"binary-expr","locations":[{"start":{"line":17,"column":13},"end":{"line":17,"column":37}},{"start":{"line":17,"column":41},"end":{"line":17,"column":43}}]}},"s":{"0":0,"1":0},"f":{"0":0},"b":{"0":[0,0]}}
,"C:\\Meu Projetos\\clinica-oncologica-v02\\quiz-mensal-interface\\components\\quiz\\QuestionRenderer\\index.tsx": {"path":"C:\\Meu Projetos\\clinica-oncologica-v02\\quiz-mensal-interface\\components\\quiz\\QuestionRenderer\\index.tsx","statementMap":{"0":{"start":{"line":23,"column":2},"end":{"line":73,"column":3}},"1":{"start":{"line":25,"column":6},"end":{"line":33,"column":null}},"2":{"start":{"line":36,"column":6},"end":{"line":44,"column":null}},"3":{"start":{"line":47,"column":6},"end":{"line":53,"column":null}},"4":{"start":{"line":56,"column":6},"end":{"line":61,"column":null}},"5":{"start":{"line":64,"column":6},"end":{"line":69,"column":null}},"6":{"start":{"line":72,"column":6},"end":{"line":72,"column":null}}},"fnMap":{"0":{"name":"QuestionRenderer","decl":{"start":{"line":16,"column":16},"end":{"line":16,"column":32}},"loc":{"start":{"line":22,"column":24},"end":{"line":74,"column":1}}}},"branchMap":{"0":{"loc":{"start":{"line":23,"column":2},"end":{"line":73,"column":3}},"type":"switch","locations":[{"start":{"line":24,"column":4},"end":{"line":33,"column":null}},{"start":{"line":35,"column":4},"end":{"line":44,"column":null}},{"start":{"line":46,"column":4},"end":{"line":53,"column":null}},{"start":{"line":55,"column":4},"end":{"line":61,"column":null}},{"start":{"line":63,"column":4},"end":{"line":69,"column":null}},{"start":{"line":71,"column":4},"end":{"line":72,"column":null}}]}},"s":{"0":0,"1":0,"2":0,"3":0,"4":0,"5":0,"6":0},"f":{"0":0},"b":{"0":[0,0,0,0,0,0]}}
,"C:\\Meu Projetos\\clinica-oncologica-v02\\quiz-mensal-interface\\components\\ui\\accordion.tsx": {"path":"C:\\Meu Projetos\\clinica-oncologica-v02\\quiz-mensal-interface\\components\\ui\\accordion.tsx","statementMap":{"0":{"start":{"line":10,"column":10},"end":{"line":11,"column":55}},"1":{"start":{"line":12,"column":2},"end":{"line":12,"column":null}},"2":{"start":{"line":16,"column":11},"end":{"line":16,"column":null}},"3":{"start":{"line":17,"column":10},"end":{"line":18,"column":55}},"4":{"start":{"line":19,"column":2},"end":{"line":25,"column":null}},"5":{"start":{"line":30,"column":10},"end":{"line":30,"column":null}},"6":{"start":{"line":31,"column":10},"end":{"line":32,"column":58}},"7":{"start":{"line":33,"column":2},"end":{"line":47,"column":null}},"8":{"start":{"line":52,"column":10},"end":{"line":52,"column":null}},"9":{"start":{"line":53,"column":10},"end":{"line":54,"column":58}},"10":{"start":{"line":55,"column":2},"end":{"line":63,"column":null}}},"fnMap":{"0":{"name":"Accordion","decl":{"start":{"line":9,"column":9},"end":{"line":9,"column":18}},"loc":{"start":{"line":11,"column":55},"end":{"line":13,"column":1}}},"1":{"name":"AccordionItem","decl":{"start":{"line":15,"column":9},"end":{"line":15,"column":22}},"loc":{"start":{"line":18,"column":55},"end":{"line":26,"column":1}}},"2":{"name":"AccordionTrigger","decl":{"start":{"line":28,"column":9},"end":{"line":28,"column":25}},"loc":{"start":{"line":32,"column":58},"end":{"line":48,"column":1}}},"3":{"name":"AccordionContent","decl":{"start":{"line":50,"column":9},"end":{"line":50,"column":25}},"loc":{"start":{"line":54,"column":58},"end":{"line":64,"column":1}}}},"branchMap":{},"s":{"0":0,"1":0,"2":0,"3":0,"4":0,"5":0,"6":0,"7":0,"8":0,"9":0,"10":0},"f":{"0":0,"1":0,"2":0,"3":0},"b":{}}
[...]
ne":89,"column":0},"end":{"line":89,"column":null}},"22":{"start":{"line":91,"column":19},"end":{"line":100,"column":2}},"23":{"start":{"line":94,"column":14},"end":{"line":94,"column":19}},"24":{"start":{"line":94,"column":24},"end":{"line":94,"column":28}},"25":{"start":{"line":94,"column":36},"end":{"line":100,"column":2}},"26":{"start":{"line":101,"column":0},"end":{"line":101,"column":null}},"27":{"start":{"line":103,"column":25},"end":{"line":112,"column":2}},"28":{"start":{"line":106,"column":14},"end":{"line":106,"column":19}},"29":{"start":{"line":106,"column":24},"end":{"line":106,"column":28}},"30":{"start":{"line":106,"column":36},"end":{"line":112,"column":2}},"31":{"start":{"line":113,"column":0},"end":{"line":113,"column":null}}},"fnMap":{"0":{"name":"(anonymous_1)","decl":{"start":{"line":15,"column":2},"end":{"line":15,"column":3}},"loc":{"start":{"line":15,"column":35},"end":{"line":24,"column":2}}},"1":{"name":"(anonymous_2)","decl":{"start":{"line":47,"column":2},"end":{"line":47,"column":3}},"loc":{"start":{"line":47,"column":44},"end":{"line":55,"column":1}}},"2":{"name":"(anonymous_3)","decl":{"start":{"line":61,"column":2},"end":{"line":61,"column":3}},"loc":{"start":{"line":61,"column":35},"end":{"line":70,"column":2}}},"3":{"name":"(anonymous_4)","decl":{"start":{"line":76,"column":2},"end":{"line":76,"column":3}},"loc":{"start":{"line":76,"column":35},"end":{"line":88,"column":2}}},"4":{"name":"(anonymous_5)","decl":{"start":{"line":94,"column":2},"end":{"line":94,"column":3}},"loc":{"start":{"line":94,"column":35},"end":{"line":100,"column":2}}},"5":{"name":"(anonymous_6)","decl":{"start":{"line":106,"column":2},"end":{"line":106,"column":3}},"loc":{"start":{"line":106,"column":35},"end":{"line":112,"column":2}}}},"branchMap":{},"s":{"0":0,"1":0,"2":0,"3":0,"4":0,"5":0,"6":0,"7":0,"8":0,"9":0,"10":0,"11":0,"12":0,"13":0,"14":0,"15":0,"16":0,"17":0,"18":0,"19":0,"20":0,"21":0,"22":0,"23":0,"24":0,"25":0,"26":0,"27":0,"28":0,"29":0,"30":0,"31":0},"f":{"0":0,"1":0,"2":0,"3":0,"4":0,"5":0},"b":{}}
,"C:\\Meu Projetos\\clinica-oncologica-v02\\quiz-mensal-interface\\components\\ui\\toaster.tsx": {"path":"C:\\Meu Projetos\\clinica-oncologica-v02\\quiz-mensal-interface\\components\\ui\\toaster.tsx","statementMap":{"0":{"start":{"line":14,"column":21},"end":{"line":14,"column":31}},"1":{"start":{"line":16,"column":2},"end":{"line":34,"column":null}},"2":{"start":{"line":18,"column":60},"end":{"line":18,"column":65}},"3":{"start":{"line":18,"column":70},"end":{"line":18,"column":null}},"4":{"start":{"line":19,"column":8},"end":{"line":30,"column":null}}},"fnMap":{"0":{"name":"Toaster","decl":{"start":{"line":13,"column":16},"end":{"line":13,"column":23}},"loc":{"start":{"line":13,"column":23},"end":{"line":35,"column":1}}},"1":{"name":"(anonymous_2)","decl":{"start":{"line":18,"column":18},"end":{"line":18,"column":28}},"loc":{"start":{"line":18,"column":72},"end":{"line":31,"column":7}}}},"branchMap":{"0":{"loc":{"start":{"line":22,"column":15},"end":{"line":22,"column":56}},"type":"binary-expr","locations":[{"start":{"line":22,"column":15},"end":{"line":22,"column":20}},{"start":{"line":22,"column":24},"end":{"line":22,"column":56}}]},"1":{"loc":{"start":{"line":23,"column":15},"end":{"line":24,"column":null}},"type":"binary-expr","locations":[{"start":{"line":23,"column":15},"end":{"line":23,"column":26}},{"start":{"line":24,"column":16},"end":{"line":24,"column":66}}]}},"s":{"0":0,"1":0,"2":0,"3":0,"4":0},"f":{"0":0,"1":0},"b":{"0":[0,0],"1":[0,0]}}
,"C:\\Meu Projetos\\clinica-oncologica-v02\\quiz-mensal-interface\\components\\ui\\toggle-group.tsx": {"path":"C:\\Meu Projetos\\clinica-oncologica-v02\\quiz-mensal-interface\\components\\ui\\toggle-group.tsx","statementMap":{"0":{"start":{"line":10,"column":27},"end":{"line":15,"column":2}},"1":{"start":{"line":21,"column":10},"end":{"line":21,"column":null}},"2":{"start":{"line":22,"column":10},"end":{"line":23,"column":null}},"3":{"start":{"line":25,"column":2},"end":{"line":40,"column":null}},"4":{"start":{"line":47,"column":6},"end":{"line":47,"column":null}},"5":{"start":{"line":48,"column":10},"end":{"line":49,"column":null}},"6":{"start":{"line":51,"column":18},"end":{"line":51,"column":54}},"7":{"start":{"line":53,"column":2},"end":{"line":70,"column":null}}},"fnMap":{"0":{"name":"ToggleGroup","decl":{"start":{"line":17,"column":9},"end":{"line":17,"column":20}},"loc":{"start":{"line":24,"column":37},"end":{"line":41,"column":1}}},"1":{"name":"ToggleGroupItem","decl":{"start":{"line":43,"column":9},"end":{"line":43,"column":24}},"loc":{"start":{"line":50,"column":37},"end":{"line":71,"column":1}}}},"branchMap":{"0":{"loc":{"start":{"line":56,"column":20},"end":{"line":56,"column":46}},"type":"binary-expr","locations":[{"start":{"line":56,"column":20},"end":{"line":56,"column":35}},{"start":{"line":56,"column":39},"end":{"line":56,"column":46}}]},"1":{"loc":{"start":{"line":57,"column":17},"end":{"line":57,"column":37}},"type":"binary-expr","locations":[{"start":{"line":57,"column":17},"end":{"line":57,"column":29}},{"start":{"line":57,"column":33},"end":{"line":57,"column":37}}]},"2":{"loc":{"start":{"line":60,"column":19},"end":{"line":60,"column":45}},"type":"binary-expr","locations":[{"start":{"line":60,"column":19},"end":{"line":60,"column":34}},{"start":{"line":60,"column":38},"end":{"line":60,"column":45}}]},"3":{"loc":{"start":{"line":61,"column":16},"end":{"line":61,"column":36}},"type":"binary-expr","locations":[{"start":{"line":61,"column":16},"end":{"line":61,"column":28}},{"start":{"line":61,"column":32},"end":{"line":61,"column":36}}]}},"s":{"0":0,"1":0,"2":0,"3":0,"4":0,"5":0,"6":0,"7":0},"f":{"0":0,"1":0},"b":{"0":[0,0],"1":[0,0],"2":[0,0],"3":[0,0]}}
,"C:\\Meu Projetos\\clinica-oncologica-v02\\quiz-mensal-interface\\components\\ui\\toggle.tsx": {"path":"C:\\Meu Projetos\\clinica-oncologica-v02\\quiz-mensal-interface\\components\\ui\\toggle.tsx","statementMap":{"0":{"start":{"line":9,"column":23},"end":{"line":28,"column":null}},"1":{"start":{"line":34,"column":6},"end":{"line":34,"column":null}},"2":{"start":{"line":35,"column":10},"end":{"line":36,"column":null}},"3":{"start":{"line":38,"column":2},"end":{"line":44,"column":null}}},"fnMap":{"0":{"name":"Toggle","decl":{"start":{"line":31,"column":9},"end":{"line":31,"column":15}},"loc":{"start":{"line":37,"column":37},"end":{"line":45,"column":1}}}},"branchMap":{},"s":{"0":0,"1":0,"2":0,"3":0},"f":{"0":0},"b":{}}
,"C:\\Meu Projetos\\clinica-oncologica-v02\\quiz-mensal-interface\\components\\ui\\tooltip.tsx": {"path":"C:\\Meu Projetos\\clinica-oncologica-v02\\quiz-mensal-interface\\components\\ui\\tooltip.tsx","statementMap":{"0":{"start":{"line":9,"column":19},"end":{"line":9,"column":null}},"1":{"start":{"line":10,"column":10},"end":{"line":11,"column":57}},"2":{"start":{"line":12,"column":2},"end":{"line":18,"column":null}},"3":{"start":{"line":22,"column":10},"end":{"line":23,"column":53}},"4":{"start":{"line":24,"column":2},"end":{"line":28,"column":null}},"5":{"start":{"line":32,"column":10},"end":{"line":33,"column":56}},"6":{"start":{"line":34,"column":2},"end":{"line":34,"column":null}},"7":{"start":{"line":40,"column":10},"end":{"line":40,"column":null}},"8":{"start":{"line":41,"column":10},"end":{"line":42,"column":56}},"9":{"start":{"line":43,"column":2},"end":{"line":58,"column":null}}},"fnMap":{"0":{"name":"TooltipProvider","decl":{"start":{"line":8,"column":9},"end":{"line":8,"column":24}},"loc":{"start":{"line":11,"column":57},"end":{"line":19,"column":1}}},"1":{"name":"Tooltip","decl":{"start":{"line":21,"column":9},"end":{"line":21,"column":16}},"loc":{"start":{"line":23,"column":53},"end":{"line":29,"column":1}}},"2":{"name":"TooltipTrigger","decl":{"start":{"line":31,"column":9},"end":{"line":31,"column":23}},"loc":{"start":{"line":33,"column":56},"end":{"line":35,"column":1}}},"3":{"name":"TooltipContent","decl":{"start":{"line":37,"column":9},"end":{"line":37,"column":23}},"loc":{"start":{"line":42,"column":56},"end":{"line":59,"column":1}}}},"branchMap":{"0":{"loc":{"start":{"line":9,"column":2},"end":{"line":9,"column":19}},"type":"default-arg","locations":[{"start":{"line":9,"column":18},"end":{"line":9,"column":19}}]},"1":{"loc":{"start":{"line":39,"column":2},"end":{"line":39,"column":16}},"type":"default-arg","locations":[{"start":{"line":39,"column":15},"end":{"line":39,"column":16}}]}},"s":{"0":0,"1":0,"2":0,"3":0,"4":0,"5":0,"6":0,"7":0,"8":0,"9":0},"f":{"0":0,"1":0,"2":0,"3":0},"b":{"0":[0],"1":[0]}}
,"C:\\Meu Projetos\\clinica-oncologica-v02\\quiz-mensal-interface\\components\\ui\\use-mobile.tsx": {"path":"C:\\Meu Projetos\\clinica-oncologica-v02\\quiz-mensal-interface\\components\\ui\\use-mobile.tsx","statementMap":{"0":{"start":{"line":3,"column":26},"end":{"line":3,"column":29}},"1":{"start":{"line":6,"column":34},"end":{"line":6,"column":80}},"2":{"start":{"line":8,"column":2},"end":{"line":16,"column":null}},"3":{"start":{"line":9,"column":16},"end":{"line":9,"column":76}},"4":{"start":{"line":10,"column":21},"end":{"line":12,"column":5}},"5":{"start":{"line":11,"column":6},"end":{"line":11,"column":null}},"6":{"start":{"line":13,"column":4},"end":{"line":13,"column":null}},"7":{"start":{"line":14,"column":4},"end":{"line":14,"column":null}},"8":{"start":{"line":15,"column":4},"end":{"line":15,"column":null}},"9":{"start":{"line":15,"column":17},"end":{"line":15,"column":60}},"10":{"start":{"line":18,"column":2},"end":{"line":18,"column":null}}},"fnMap":{"0":{"name":"useIsMobile","decl":{"start":{"line":5,"column":16},"end":{"line":5,"column":27}},"loc":{"start":{"line":5,"column":27},"end":{"line":19,"column":1}}},"1":{"name":"(anonymous_1)","decl":{"start":{"line":8,"column":18},"end":{"line":8,"column":21}},"loc":{"start":{"line":8,"column":23},"end":{"line":16,"column":3}}},"2":{"name":"(anonymous_2)","decl":{"start":{"line":10,"column":21},"end":{"line":10,"column":24}},"loc":{"start":{"line":10,"column":26},"end":{"line":12,"column":5}}},"3":{"name":"(anonymous_3)","decl":{"start":{"line":15,"column":11},"end":{"line":15,"column":14}},"loc":{"start":{"line":15,"column":17},"end":{"line":15,"column":60}}}},"branchMap":{},"s":{"0":0,"1":0,"2":0,"3":0,"4":0,"5":0,"6":0,"7":0,"8":0,"9":0,"10":0},"f":{"0":0,"1":0,"2":0,"3":0},"b":{}}
,"C:\\Meu Projetos\\clinica-oncologica-v02\\quiz-mensal-interface\\components\\ui\\use-toast.ts": {"path":"C:\\Meu Projetos\\clinica-oncologica-v02\\quiz-mensal-interface\\components\\ui\\use-toast.ts","statementMap":{"0":{"start":{"line":8,"column":20},"end":{"line":8,"column":21}},"1":{"start":{"line":9,"column":27},"end":{"line":9,"column":34}},"2":{"start":{"line":18,"column":20},"end":{"line":23,"column":null}},"3":{"start":{"line":25,"column":12},"end":{"line":25,"column":13}},"4":{"start":{"line":28,"column":2},"end":{"line":28,"column":null}},"5":{"start":{"line":29,"column":2},"end":{"line":29,"column":null}},"6":{"start":{"line":56,"column":22},"end":{"line":56,"column":70}},"7":{"start":{"line":58,"column":25},"end":{"line":72,"column":1}},"8":{"start":{"line":59,"column":2},"end":{"line":61,"column":3}},"9":{"start":{"line":60,"column":4},"end":{"line":60,"column":10}},"10":{"start":{"line":63,"column":18},"end":{"line":69,"column":24}},"11":{"start":{"line":64,"column":4},"end":{"line":64,"column":null}},"12":{"start":{"line":65,"column":4},"end":{"line":68,"column":null}},"13":{"start":{"line":71,"column":2},"end":{"line":71,"column":null}},"14":{"start":{"line":74,"column":23},"end":{"line":127,"column":1}},"15":{"start":{"line":75,"column":2},"end":{"line":126,"column":3}},"16":{"start":{"line":77,"column":6},"end":{"line":79,"column":null}},"17":{"start":{"line":83,"column":6},"end":{"line":87,"column":null}},"18":{"start":{"line":86,"column":10},"end":{"line":86,"column":66}},"19":{"start":{"line":91,"column":26},"end":{"line":91,"column":32}},"20":{"start":{"line":95,"column":6},"end":{"line":101,"column":7}},"21":{"start":{"line":96,"column":8},"end":{"line":96,"column":null}},"22":{"start":{"line":98,"column":8},"end":{"line":100,"column":null}},"23":{"start":{"line":99,"column":10},"end":{"line":99,"column":null}},"24":{"start":{"line":103,"column":6},"end":{"line":112,"column":null}},"25":{"start":{"line":106,"column":10},"end":{"line":111,"column":15}},"26":{"start":{"line":116,"column":6},"end":{"line":121,"column":7}},"27":{"start":{"line":117,"column":8},"end":{"line":119,"column":null}},"28":{"start":{"line":122,"column":6},"end":{"line":124,"column":null}},"29":{"start":{"line":124,"column":43},"end":{"line":124,"column":66}},"30":{"start":{"line":129,"column":49},"end":{"line":129,"column":51}},"31":{"start":{"line":131,"column":25},"end":{"line":131,"column":39}},"32":{"start":{"line":134,"column":2},"end":{"line":134,"column":null}},"33":{"start":{"line":135,"column":2},"end":{"line":137,"column":null}},"34":{"start":{"line":136,"column":4},"end":{"line":136,"column":null}},"35":{"start":{"line":142,"column":25},"end":{"line":142,"column":34}},"36":{"start":{"line":143,"column":13},"end":{"line":143,"column":20}},"37":{"start":{"line":145,"column":17},"end":{"line":149,"column":6}},"38":{"start":{"line":146,"column":4},"end":{"line":149,"column":6}},"39":{"start":{"line":150,"column":18},"end":{"line":150,"column":72}},"40":{"start":{"line":150,"column":24},"end":{"line":150,"column":72}},"41":{"start":{"line":152,"column":2},"end":{"line":162,"column":null}},"42":{"start":{"line":159,"column":8},"end":{"line":159,"column":null}},"43":{"start":{"line":159,"column":19},"end":{"line":159,"column":null}},"44":{"start":{"line":164,"column":2},"end":{"line":168,"column":null}},"45":{"start":{"line":172,"column":28},"end":{"line":172,"column":62}},"46":{"start":{"line":174,"column":2},"end":{"line":182,"column":null}},"47":{"start":{"line":175,"column":4},"end":{"line":175,"column":null}},"48":{"start":{"line":176,"column":4},"end":{"line":181,"column":null}},"49":{"start":{"line":177,"column":20},"end":{"line":177,"column":47}},"50":{"start":{"line":178,"column":6},"end":{"line":180,"column":7}},"51":{"start":{"line":179,"column":8},"end":{"line":179,"column":null}},"52":{"start":{"line":184,"column":2},"end":{"line":187,"column":null}},"53":{"start":{"line":187,"column":35},"end":{"line":187,"column":79}}},"fnMap":{"0":{"name":"genId","decl":{"start":{"line":27,"column":9},"end":{"line":27,"column":14}},"loc":{"start":{"line":27,"column":14},"end":{"line":30,"column":1}}},"1":{"name":"(anonymous_2)","decl":{"start":{"line":58,"column":25},"end":{"line":58,"column":26}},"loc":{"start":{"line":58,"column":45},"end":{"line":72,"column":1}}},"2":{"name":"(anonymous_3)","decl":{"start":{"line":63,"column":29},"end":{"line":63,"column":32}},"loc":{"start":{"line":63,"column":34},"end":{"line":69,"column":3}}},"3":{"name":"(anonymous_4)","decl":{"start":{"line":74,"column":23},"end":{"line":74,"column":24}},"loc":{"start":{"line":74,"column":63},"end":{"line":127,"column":1}}},"4":{"name":"(anonymous_5)","decl":{"start":{"line":85,"column":33},"end":{"line":85,"column":34}},"loc":{"start":{"line":86,"column":10},"end":{"line":86,"column":66}}},"5":{"name":"(anonymous_6)","decl":{"start":{"line":98,"column":29},"end":{"line":98,"column":30}},"loc":{"start":{"line":98,"column":39},"end":{"line":100,"column":9}}},"6":{"name":"(anonymous_7)","decl":{"start":{"line":105,"column":33},"end":{"line":105,"column":34}},"loc":{"start":{"line":106,"column":10},"end":{"line":111,"column":15}}},"7":{"name":"(anonymous_8)","decl":{"start":{"line":124,"column":36},"end":{"line":124,"column":37}},"loc":{"start":{"line":124,"column":43},"end":{"line":124,"column":66}}},"8":{"name":"dispatch","decl":{"start":{"line":133,"column":9},"end":{"line":133,"column":17}},"loc":{"start":{"line":133,"column":32},"end":{"line":138,"column":1}}},"9":{"name":"(anonymous_10)","decl":{"start":{"line":135,"column":20},"end":{"line":135,"column":21}},"loc":{"start":{"line":135,"column":33},"end":{"line":137,"column":3}}},"10":{"name":"toast","decl":{"start":{"line":142,"column":9},"end":{"line":142,"column":14}},"loc":{"start":{"line":142,"column":34},"end":{"line":169,"column":1}}},"11":{"name":"(anonymous_12)","decl":{"start":{"line":145,"column":17},"end":{"line":145,"column":18}},"loc":{"start":{"line":146,"column":4},"end":{"line":149,"column":6}}},"12":{"name":"(anonymous_13)","decl":{"start":{"line":150,"column":18},"end":{"line":150,"column":21}},"loc":{"start":{"line":150,"column":24},"end":{"line":150,"column":72}}},"13":{"name":"(anonymous_14)","decl":{"start":{"line":158,"column":20},"end":{"line":158,"column":21}},"loc":{"start":{"line":158,"column":29},"end":{"line":160,"column":7}}},"14":{"name":"useToast","decl":{"start":{"line":171,"column":9},"end":{"line":171,"column":17}},"loc":{"start":{"line":171,"column":17},"end":{"line":189,"column":1}}},"15":{"name":"(anonymous_16)","decl":{"start":{"line":174,"column":18},"end":{"line":174,"column":21}},"loc":{"start":{"line":174,"column":23},"end":{"line":182,"column":3}}},"16":{"name":"(anonymous_17)","decl":{"start":{"line":176,"column":11},"end":{"line":176,"column":14}},"loc":{"start":{"line":176,"column":16},"end":{"line":181,"column":5}}},"17":{"name":"(anonymous_18)","decl":{"start":{"line":187,"column":13},"end":{"line":187,"column":14}},"loc":{"start":{"line":187,"column":35},"end":{"line":187,"column":79}}}},"branchMap":{"0":{"loc":{"start":{"line":59,"column":2},"end":{"line":61,"column":3}},"type":"if","locations":[{"start":{"line":59,"column":2},"end":{"line":61,"column":3}}]},"1":{"loc":{"start":{"line":75,"column":2},"end":{"line":126,"column":3}},"type":"switch","locations":[{"start":{"line":76,"column":4},"end":{"line":79,"column":null}},{"start":{"line":82,"column":4},"end":{"line":87,"column":null}},{"start":{"line":90,"column":4},"end":{"line":114,"column":5}},{"start":{"line":115,"column":4},"end":{"line":124,"column":null}}]},"2":{"loc":{"start":{"line":86,"column":10},"end":{"line":86,"column":66}},"type":"cond-expr","locations":[{"start":{"line":86,"column":36},"end":{"line":86,"column":63}},{"start":{"line":86,"column":65},"end":{"line":86,"column":66}}]},"3":{"loc":{"start":{"line":95,"column":6},"end":{"line":101,"column":7}},"type":"if","locations":[{"start":{"line":95,"column":6},"end":{"line":101,"column":7}},{"start":{"line":97,"column":13},"end":{"line":101,"column":7}}]},"4":{"loc":{"start":{"line":106,"column":10},"end":{"line":111,"column":15}},"type":"cond-expr","locations":[{"start":{"line":107,"column":13},"end":{"line":109,"column":null}},{"start":{"line":111,"column":14},"end":{"line":111,"column":15}}]},"5":{"loc":{"start":{"line":106,"column":10},"end":{"line":106,"column":51}},"type":"binary-expr","locations":[{"start":{"line":106,"column":10},"end":{"line":106,"column":26}},{"start":{"line":106,"column":30},"end":{"line":106,"column":51}}]},"6":{"loc":{"start":{"line":116,"column":6},"end":{"line":121,"column":7}},"type":"if","locations":[{"start":{"line":116,"column":6},"end":{"line":121,"column":7}}]},"7":{"loc":{"start":{"line":159,"column":8},"end":{"line":159,"column":null}},"type":"if","locations":[{"start":{"line":159,"column":8},"end":{"line":159,"column":null}}]},"8":{"loc":{"start":{"line":178,"column":6},"end":{"line":180,"column":7}},"type":"if","locations":[{"start":{"line":178,"column":6},"end":{"line":180,"column":7}}]}},"s":{"0":0,"1":0,"2":0,"3":0,"4":0,"5":0,"6":0,"7":0,"8":0,"9":0,"10":0,"11":0,"12":0,"13":0,"14":0,"15":0,"16":0,"17":0,"18":0,"19":0,"20":0,"21":0,"22":0,"23":0,"24":0,"25":0,"26":0,"27":0,"28":0,"29":0,"30":0,"31":0,"32":0,"33":0,"34":0,"35":0,"36":0,"37":0,"38":0,"39":0,"40":0,"41":0,"42":0,"43":0,"44":0,"45":0,"46":0,"47":0,"48":0,"49":0,"50":0,"51":0,"52":0,"53":0},"f":{"0":0,"1":0,"2":0,"3":0,"4":0,"5":0,"6":0,"7":0,"8":0,"9":0,"10":0,"11":0,"12":0,"13":0,"14":0,"15":0,"16":0,"17":0},"b":{"0":[0],"1":[0,0,0,0],"2":[0,0],"3":[0,0],"4":[0,0],"5":[0,0],"6":[0],"7":[0],"8":[0]}}
}
