TN:
SF:components/quiz-interface.tsx
FN:24,QuizInterface
FN:45,(anonymous_8)
FN:55,(anonymous_9)
FN:59,(anonymous_10)
FN:67,(anonymous_11)
FN:67,(anonymous_12)
FN:134,(anonymous_13)
FN:136,(anonymous_14)
FN:140,(anonymous_15)
FN:149,(anonymous_16)
FN:159,(anonymous_17)
FN:168,(anonymous_18)
FN:204,(anonymous_19)
FN:221,(anonymous_20)
FN:240,(anonymous_21)
FN:251,(anonymous_22)
FN:256,(anonymous_23)
FN:283,(anonymous_24)
FN:289,(anonymous_25)
FN:310,(anonymous_26)
FN:327,(anonymous_27)
FN:332,(anonymous_28)
FN:335,(anonymous_29)
FN:359,(anonymous_30)
FNF:24
FNH:14
FNDA:127,QuizInterface
FNDA:61,(anonymous_8)
FNDA:46,(anonymous_9)
FNDA:0,(anonymous_10)
FNDA:0,(anonymous_11)
FNDA:0,(anonymous_12)
FNDA:0,(anonymous_13)
FNDA:0,(anonymous_14)
FNDA:127,(anonymous_15)
FNDA:102,(anonymous_16)
FNDA:11,(anonymous_17)
FNDA:102,(anonymous_18)
FNDA:0,(anonymous_19)
FNDA:77,(anonymous_20)
FNDA:77,(anonymous_21)
FNDA:6,(anonymous_22)
FNDA:0,(anonymous_23)
FNDA:5,(anonymous_24)
FNDA:0,(anonymous_25)
FNDA:0,(anonymous_26)
FNDA:407,(anonymous_27)
FNDA:407,(anonymous_28)
FNDA:0,(anonymous_29)
FNDA:24,(anonymous_30)
DA:3,4
DA:4,4
DA:5,4
DA:6,4
DA:7,4
DA:8,4
DA:9,4
DA:10,4
DA:11,4
DA:14,4
DA:15,4
DA:24,4
DA:25,127
DA:42,127
DA:45,127
DA:46,61
DA:47,61
DA:49,61
DA:50,61
DA:55,127
DA:56,46
DA:59,127
DA:60,0
DA:62,0
DA:63,0
DA:67,127
DA:68,0
DA:69,0
DA:74,0
DA:78,0
DA:79,0
DA:80,0
DA:85,0
DA:89,0
DA:94,0
DA:96,0
DA:97,0
DA:98,0
DA:100,0
DA:101,0
DA:104,0
DA:108,0
DA:115,0
DA:117,0
DA:125,0
DA:126,0
DA:134,127
DA:135,0
DA:136,0
DA:140,127
DA:141,127
DA:143,34
DA:146,34
DA:149,34
DA:150,102
DA:151,102
DA:153,34
DA:155,34
DA:160,11
DA:161,11
DA:163,0
DA:169,102
DA:170,102
DA:171,102
DA:204,0
DA:217,24
DA:218,24
DA:221,24
DA:222,77
DA:223,77
DA:225,24
DA:227,24
DA:228,17
DA:229,10
DA:230,7
DA:231,7
DA:232,7
DA:236,24
DA:238,24
DA:241,77
DA:242,77
DA:243,77
DA:253,6
DA:254,6
DA:256,0
DA:259,6
DA:260,0
DA:262,6
DA:285,5
DA:286,5
DA:287,5
DA:289,0
DA:290,0
DA:291,0
DA:293,0
DA:311,0
DA:312,0
DA:325,37
DA:326,37
DA:327,407
DA:329,37
DA:333,407
DA:335,0
DA:356,29
DA:359,24
DA:366,3
DA:388,0
DA:393,127
DA:394,0
DA:418,127
LF:110
LH:72
BRDA:24,0,0,127
BRDA:47,1,0,61
BRDA:47,1,1,61
BRDA:50,2,0,0
BRDA:50,3,0,61
BRDA:50,3,1,0
BRDA:50,3,2,0
BRDA:50,3,3,0
BRDA:62,4,0,0
BRDA:62,5,0,0
BRDA:62,5,1,0
BRDA:62,5,2,0
BRDA:68,6,0,0
BRDA:78,7,0,0
BRDA:78,8,0,0
BRDA:78,8,1,0
BRDA:78,8,2,0
BRDA:79,9,0,0
BRDA:79,10,0,0
BRDA:79,10,1,0
BRDA:94,11,0,0
BRDA:94,11,1,0
BRDA:94,12,0,0
BRDA:94,12,1,0
BRDA:94,12,2,0
BRDA:98,13,0,0
BRDA:98,13,1,0
BRDA:98,14,0,0
BRDA:98,14,1,0
BRDA:98,14,2,0
BRDA:119,15,0,0
BRDA:119,15,1,0
BRDA:128,16,0,0
BRDA:128,16,1,0
BRDA:135,17,0,0
BRDA:141,18,0,34
BRDA:141,18,1,24
BRDA:141,18,2,37
BRDA:141,18,3,29
BRDA:141,18,4,3
BRDA:141,18,5,0
BRDA:143,19,0,22
BRDA:143,19,1,12
BRDA:143,20,0,34
BRDA:143,20,1,34
BRDA:143,20,2,22
BRDA:145,21,0,12
BRDA:145,21,1,12
BRDA:146,22,0,34
BRDA:146,22,1,34
BRDA:149,23,0,0
BRDA:149,23,1,34
BRDA:149,24,0,34
BRDA:149,24,1,34
BRDA:150,25,0,0
BRDA:151,26,0,102
BRDA:151,26,1,102
BRDA:151,26,2,102
BRDA:151,26,3,102
BRDA:153,27,0,0
BRDA:153,27,1,34
BRDA:160,28,0,11
BRDA:160,28,1,0
BRDA:168,29,0,0
BRDA:168,29,1,34
BRDA:168,30,0,34
BRDA:168,30,1,34
BRDA:169,31,0,0
BRDA:169,31,1,102
BRDA:170,32,0,0
BRDA:170,32,1,102
BRDA:173,33,0,0
BRDA:173,33,1,102
BRDA:188,34,0,34
BRDA:188,34,1,34
BRDA:201,35,0,34
BRDA:201,35,1,22
BRDA:221,36,0,0
BRDA:221,36,1,24
BRDA:221,37,0,24
BRDA:221,37,1,24
BRDA:222,38,0,0
BRDA:223,39,0,77
BRDA:223,39,1,77
BRDA:223,39,2,77
BRDA:223,39,3,77
BRDA:225,40,0,0
BRDA:225,40,1,24
BRDA:227,41,0,17
BRDA:228,42,0,10
BRDA:228,42,1,7
BRDA:230,43,0,7
BRDA:230,44,0,7
BRDA:230,44,1,7
BRDA:236,45,0,24
BRDA:236,45,1,24
BRDA:240,46,0,0
BRDA:240,46,1,24
BRDA:240,47,0,24
BRDA:240,47,1,24
BRDA:241,48,0,0
BRDA:241,48,1,77
BRDA:242,49,0,0
BRDA:242,49,1,77
BRDA:253,50,0,6
BRDA:253,50,1,0
BRDA:259,51,0,0
BRDA:259,51,1,6
BRDA:245,52,0,0
BRDA:245,52,1,77
BRDA:277,53,0,24
BRDA:277,53,1,24
BRDA:285,54,0,5
BRDA:285,54,1,0
BRDA:290,55,0,0
BRDA:290,55,1,0
BRDA:307,56,0,24
BRDA:307,56,1,7
BRDA:325,57,0,37
BRDA:325,57,1,37
BRDA:326,58,0,37
BRDA:326,58,1,24
BRDA:338,59,0,0
BRDA:338,59,1,407
BRDA:358,60,0,29
BRDA:358,60,1,3
BRDA:368,61,0,3
BRDA:368,61,1,3
BRDA:393,62,0,0
BRDA:459,63,0,127
BRDA:459,63,1,37
BRDA:473,64,0,127
BRDA:473,64,1,65
BRDA:476,65,0,0
BRDA:476,65,1,127
BRDA:481,66,0,82
BRDA:481,66,1,45
BRF:137
BRH:82
end_of_record
TN:
SF:components/theme-provider.tsx
FN:9,ThemeProvider
FNF:1
FNH:0
FNDA:0,ThemeProvider
DA:9,0
DA:10,0
LF:2
LH:0
BRF:0
BRH:0
end_of_record
TN:
SF:components/error/ErrorBoundary.tsx
FN:30,(anonymous_0)
FN:68,(anonymous_1)
FN:39,(anonymous_2)
FN:44,(anonymous_3)
FN:79,(anonymous_4)
FNF:5
FNH:0
FNDA:0,(anonymous_0)
FNDA:0,(anonymous_1)
FNDA:0,(anonymous_2)
FNDA:0,(anonymous_3)
FNDA:0,(anonymous_4)
DA:31,0
DA:32,0
DA:41,0
DA:46,0
DA:54,0
DA:60,0
DA:61,0
DA:68,0
DA:69,0
DA:76,0
DA:80,0
DA:82,0
DA:83,0
DA:87,0
DA:96,0
LF:15
LH:0
BRDA:60,0,0,0
BRDA:80,1,0,0
BRDA:82,2,0,0
BRF:3
BRH:0
end_of_record
TN:
SF:components/error/ErrorFallback.tsx
FN:13,(anonymous_0)
FN:20,(anonymous_1)
FNF:2
FNH:0
FNDA:0,(anonymous_0)
FNDA:0,(anonymous_1)
DA:13,0
DA:18,0
DA:20,0
DA:21,0
DA:24,0
LF:5
LH:0
BRDA:96,0,0,0
BRDA:96,0,1,0
BRDA:96,1,0,0
BRDA:96,1,1,0
BRDA:96,2,0,0
BRDA:96,2,1,0
BRDA:101,3,0,0
BRDA:101,3,1,0
BRDA:101,3,2,0
BRDA:133,4,0,0
BRDA:133,4,1,0
BRDA:133,5,0,0
BRDA:133,5,1,0
BRF:13
BRH:0
end_of_record
TN:
SF:components/error/QuizErrorBoundary.tsx
FN:41,(anonymous_0)
FN:54,(anonymous_1)
FN:64,(anonymous_2)
FN:108,(anonymous_3)
FN:127,(anonymous_4)
FN:344,(anonymous_5)
FN:349,(anonymous_6)
FN:353,(anonymous_7)
FN:378,(anonymous_8)
FN:395,(anonymous_9)
FN:399,(anonymous_10)
FN:413,withQuizErrorBoundary
FN:417,(anonymous_12)
FNF:13
FNH:0
FNDA:0,(anonymous_0)
FNDA:0,(anonymous_1)
FNDA:0,(anonymous_2)
FNDA:0,(anonymous_3)
FNDA:0,(anonymous_4)
FNDA:0,(anonymous_5)
FNDA:0,(anonymous_6)
FNDA:0,(anonymous_7)
FNDA:0,(anonymous_8)
FNDA:0,(anonymous_9)
FNDA:0,(anonymous_10)
FNDA:0,withQuizErrorBoundary
FNDA:0,(anonymous_12)
DA:41,0
DA:51,0
DA:52,0
DA:54,0
DA:55,0
DA:56,0
DA:58,0
DA:59,0
DA:61,0
DA:64,0
DA:65,0
DA:66,0
DA:67,0
DA:70,0
DA:109,0
DA:127,0
DA:345,0
DA:346,0
DA:350,0
DA:354,0
DA:355,0
DA:357,0
DA:367,0
DA:373,0
DA:374,0
DA:379,0
DA:380,0
DA:382,0
DA:383,0
DA:384,0
DA:387,0
DA:396,0
DA:397,0
DA:400,0
DA:406,0
DA:417,0
DA:418,0
DA:423,0
DA:424,0
LF:39
LH:0
BRDA:55,0,0,0
BRDA:58,1,0,0
BRDA:61,2,0,0
BRDA:61,2,1,0
BRDA:65,3,0,0
BRDA:66,4,0,0
BRDA:74,5,0,0
BRDA:74,5,1,0
BRDA:74,6,0,0
BRDA:74,6,1,0
BRDA:82,7,0,0
BRDA:82,7,1,0
BRDA:86,8,0,0
BRDA:86,8,1,0
BRDA:87,9,0,0
BRDA:87,9,1,0
BRDA:88,10,0,0
BRDA:88,10,1,0
BRDA:96,11,0,0
BRDA:96,11,1,0
BRDA:101,12,0,0
BRDA:101,12,1,0
BRDA:105,13,0,0
BRDA:105,13,1,0
BRDA:116,14,0,0
BRDA:116,14,1,0
BRDA:116,14,2,0
BRDA:133,15,0,0
BRDA:133,15,1,0
BRDA:373,16,0,0
BRDA:380,17,0,0
BRDA:382,18,0,0
BRDA:382,19,0,0
BRDA:382,19,1,0
BRDA:382,19,2,0
BRDA:383,20,0,0
BRDA:423,21,0,0
BRDA:423,21,1,0
BRF:38
BRH:0
end_of_record
TN:
SF:components/quiz/QuizCompletion.tsx
FN:9,QuizCompletion
FNF:1
FNH:0
FNDA:0,QuizCompletion
DA:9,0
DA:10,0
LF:2
LH:0
BRF:0
BRH:0
end_of_record
TN:
SF:components/quiz/QuizContainer.tsx
FN:22,QuizContainer
FN:47,(anonymous_1)
FN:50,(anonymous_2)
FN:51,(anonymous_3)
FN:54,(anonymous_4)
FN:61,(anonymous_5)
FN:115,(anonymous_6)
FNF:7
FNH:0
FNDA:0,QuizContainer
FNDA:0,(anonymous_1)
FNDA:0,(anonymous_2)
FNDA:0,(anonymous_3)
FNDA:0,(anonymous_4)
FNDA:0,(anonymous_5)
FNDA:0,(anonymous_6)
DA:28,0
DA:33,0
DA:39,0
DA:48,0
DA:51,0
DA:52,0
DA:55,0
DA:56,0
DA:61,0
DA:62,0
DA:63,0
DA:64,0
DA:65,0
DA:70,0
DA:71,0
DA:74,0
DA:115,0
LF:17
LH:0
BRDA:56,0,0,0
BRDA:56,0,1,0
BRDA:56,1,0,0
BRDA:56,1,1,0
BRDA:64,2,0,0
BRDA:70,3,0,0
BRDA:103,4,0,0
BRDA:103,4,1,0
BRF:8
BRH:0
end_of_record
TN:
SF:components/quiz/QuizHeader.tsx
FN:9,QuizHeader
FNF:1
FNH:1
FNDA:17,QuizHeader
DA:1,1
DA:2,1
DA:9,1
DA:10,17
LF:4
LH:4
BRF:0
BRH:0
end_of_record
TN:
SF:components/quiz/QuizNavigation.tsx
FN:14,QuizNavigation
FNF:1
FNH:0
FNDA:0,QuizNavigation
DA:14,0
DA:22,0
LF:2
LH:0
BRDA:24,0,0,0
BRDA:24,0,1,0
BRDA:38,1,0,0
BRDA:38,1,1,0
BRDA:41,2,0,0
BRDA:41,2,1,0
BRDA:46,3,0,0
BRDA:46,3,1,0
BRF:8
BRH:0
end_of_record
TN:
SF:components/quiz/QuizProgress.tsx
FN:10,QuizProgress
FNF:1
FNH:1
FNDA:27,QuizProgress
DA:1,1
DA:2,1
DA:10,1
DA:15,27
LF:4
LH:4
BRF:0
BRH:0
end_of_record
TN:
SF:components/quiz/ResumeQuizDialog.tsx
FN:15,ResumeQuizDialog
FN:76,getTimeAgo
FNF:2
FNH:0
FNDA:0,ResumeQuizDialog
FNDA:0,getTimeAgo
DA:16,0
DA:18,0
DA:19,0
DA:20,0
DA:21,0
DA:23,0
DA:77,0
DA:78,0
DA:80,0
DA:81,0
DA:82,0
DA:84,0
DA:85,0
DA:86,0
DA:87,0
LF:15
LH:0
BRDA:16,0,0,0
BRDA:84,1,0,0
BRDA:85,2,0,0
BRDA:85,3,0,0
BRDA:85,3,1,0
BRDA:86,4,0,0
BRDA:86,5,0,0
BRDA:86,5,1,0
BRDA:87,6,0,0
BRDA:87,6,1,0
BRF:10
BRH:0
end_of_record
TN:
SF:components/quiz/QuestionRenderer/MultipleChoice.tsx
FN:15,MultipleChoice
FN:25,(anonymous_1)
FN:44,(anonymous_2)
FN:55,(anonymous_3)
FN:60,(anonymous_4)
FN:87,(anonymous_5)
FN:93,(anonymous_6)
FN:114,(anonymous_7)
FNF:8
FNH:0
FNDA:0,MultipleChoice
FNDA:0,(anonymous_1)
FNDA:0,(anonymous_2)
FNDA:0,(anonymous_3)
FNDA:0,(anonymous_4)
FNDA:0,(anonymous_5)
FNDA:0,(anonymous_6)
FNDA:0,(anonymous_7)
DA:15,0
DA:22,0
DA:25,0
DA:26,0
DA:27,0
DA:32,0
DA:34,0
DA:35,0
DA:36,0
DA:37,0
DA:38,0
DA:42,0
DA:45,0
DA:46,0
DA:47,0
DA:57,0
DA:58,0
DA:60,0
DA:63,0
DA:64,0
DA:66,0
DA:89,0
DA:90,0
DA:91,0
DA:93,0
DA:94,0
DA:95,0
DA:97,0
DA:115,0
DA:116,0
LF:30
LH:0
BRDA:25,0,0,0
BRDA:25,0,1,0
BRDA:25,1,0,0
BRDA:25,1,1,0
BRDA:26,2,0,0
BRDA:27,3,0,0
BRDA:27,3,1,0
BRDA:27,3,2,0
BRDA:27,3,3,0
BRDA:32,4,0,0
BRDA:32,4,1,0
BRDA:34,5,0,0
BRDA:35,6,0,0
BRDA:35,6,1,0
BRDA:37,7,0,0
BRDA:37,8,0,0
BRDA:37,8,1,0
BRDA:44,9,0,0
BRDA:44,9,1,0
BRDA:44,10,0,0
BRDA:44,10,1,0
BRDA:45,11,0,0
BRDA:45,11,1,0
BRDA:46,12,0,0
BRDA:46,12,1,0
BRDA:57,13,0,0
BRDA:57,13,1,0
BRDA:63,14,0,0
BRDA:63,14,1,0
BRDA:49,15,0,0
BRDA:49,15,1,0
BRDA:81,16,0,0
BRDA:81,16,1,0
BRDA:89,17,0,0
BRDA:89,17,1,0
BRDA:94,18,0,0
BRDA:94,18,1,0
BRDA:111,19,0,0
BRDA:111,19,1,0
BRF:39
BRH:0
end_of_record
TN:
SF:components/quiz/QuestionRenderer/Scale.tsx
FN:10,Scale
FN:17,(anonymous_1)
FN:22,(anonymous_2)
FN:25,(anonymous_3)
FNF:4
FNH:0
FNDA:0,Scale
FNDA:0,(anonymous_1)
FNDA:0,(anonymous_2)
FNDA:0,(anonymous_3)
DA:10,0
DA:15,0
DA:16,0
DA:17,0
DA:19,0
DA:23,0
DA:25,0
LF:7
LH:0
BRDA:15,0,0,0
BRDA:15,0,1,0
BRDA:16,1,0,0
BRDA:16,1,1,0
BRDA:28,2,0,0
BRDA:28,2,1,0
BRF:6
BRH:0
end_of_record
TN:
SF:components/quiz/QuestionRenderer/SingleChoice.tsx
FN:15,SingleChoice
FN:27,(anonymous_1)
FN:40,(anonymous_2)
FN:49,(anonymous_3)
FN:85,(anonymous_4)
FNF:5
FNH:0
FNDA:0,SingleChoice
FNDA:0,(anonymous_1)
FNDA:0,(anonymous_2)
FNDA:0,(anonymous_3)
FNDA:0,(anonymous_4)
DA:15,0
DA:22,0
DA:27,0
DA:28,0
DA:29,0
DA:34,0
DA:36,0
DA:41,0
DA:42,0
DA:44,0
DA:50,0
DA:51,0
DA:52,0
DA:85,0
LF:14
LH:0
BRDA:22,0,0,0
BRDA:22,0,1,0
BRDA:22,1,0,0
BRDA:22,1,1,0
BRDA:22,1,2,0
BRDA:24,2,0,0
BRDA:24,2,1,0
BRDA:27,3,0,0
BRDA:27,3,1,0
BRDA:27,4,0,0
BRDA:27,4,1,0
BRDA:28,5,0,0
BRDA:29,6,0,0
BRDA:29,6,1,0
BRDA:29,6,2,0
BRDA:29,6,3,0
BRDA:34,7,0,0
BRDA:34,7,1,0
BRDA:41,8,0,0
BRDA:41,8,1,0
BRDA:49,9,0,0
BRDA:49,9,1,0
BRDA:49,10,0,0
BRDA:49,10,1,0
BRDA:50,11,0,0
BRDA:50,11,1,0
BRDA:51,12,0,0
BRDA:51,12,1,0
BRDA:54,13,0,0
BRDA:54,13,1,0
BRDA:69,14,0,0
BRDA:69,14,1,0
BRDA:82,15,0,0
BRDA:82,15,1,0
BRF:34
BRH:0
end_of_record
TN:
SF:components/quiz/QuestionRenderer/TextQuestion.tsx
FN:10,TextQuestion
FN:17,(anonymous_1)
FNF:2
FNH:0
FNDA:0,TextQuestion
FNDA:0,(anonymous_1)
DA:10,0
DA:14,0
DA:17,0
LF:3
LH:0
BRDA:16,0,0,0
BRDA:16,0,1,0
BRF:2
BRH:0
end_of_record
TN:
SF:components/quiz/QuestionRenderer/YesNo.tsx
FN:11,YesNo
FNF:1
FNH:0
FNDA:0,YesNo
DA:11,0
DA:15,0
LF:2
LH:0
BRDA:17,0,0,0
BRDA:17,0,1,0
BRF:2
BRH:0
end_of_record
TN:
SF:components/quiz/QuestionRenderer/index.tsx
FN:16,QuestionRenderer
FNF:1
FNH:0
FNDA:0,QuestionRenderer
DA:23,0
DA:25,0
DA:36,0
DA:47,0
DA:56,0
DA:64,0
DA:72,0
LF:7
LH:0
BRDA:23,0,0,0
BRDA:23,0,1,0
BRDA:23,0,2,0
BRDA:23,0,3,0
BRDA:23,0,4,0
BRDA:23,0,5,0
BRF:6
BRH:0
end_of_record
TN:
SF:components/ui/accordion.tsx
FN:9,Accordion
FN:15,AccordionItem
FN:28,AccordionTrigger
FN:50,AccordionContent
FNF:4
FNH:0
FNDA:0,Accordion
FNDA:0,AccordionItem
FNDA:0,AccordionTrigger
FNDA:0,AccordionContent
DA:10,0
DA:12,0
DA:16,0
DA:17,0
DA:19,0
DA:30,0
DA:31,0
DA:33,0
DA:52,0
DA:53,0
DA:55,0
LF:11
LH:0
BRF:0
BRH:0
end_of_record
TN:
SF:components/ui/alert-dialog.tsx
FN:9,AlertDialog
FN:15,AlertDialogTrigger
FN:23,AlertDialogPortal
FN:31,AlertDialogOverlay
FN:47,AlertDialogContent
FN:66,AlertDialogHeader
FN:79,AlertDialogFooter
FN:95,AlertDialogTitle
FN:108,AlertDialogDescription
FN:121,AlertDialogAction
FN:133,AlertDialogCancel
FNF:11
FNH:0
FNDA:0,AlertDialog
FNDA:0,AlertDialogTrigger
FNDA:0,AlertDialogPortal
FNDA:0,AlertDialogOverlay
FNDA:0,AlertDialogContent
FNDA:0,AlertDialogHeader
FNDA:0,AlertDialogFooter
FNDA:0,AlertDialogTitle
FNDA:0,AlertDialogDescription
FNDA:0,AlertDialogAction
FNDA:0,AlertDialogCancel
DA:10,0
DA:12,0
DA:16,0
DA:18,0
DA:24,0
DA:26,0
DA:32,0
DA:33,0
DA:35,0
DA:48,0
DA:49,0
DA:51,0
DA:67,0
DA:68,0
DA:70,0
DA:80,0
DA:81,0
DA:83,0
DA:96,0
DA:97,0
DA:99,0
DA:109,0
DA:110,0
DA:112,0
DA:122,0
DA:123,0
DA:125,0
DA:134,0
DA:135,0
DA:137,0
LF:30
LH:0
BRF:0
BRH:0
end_of_record
TN:
SF:components/ui/alert.tsx
FN:22,Alert
FN:37,AlertTitle
FN:50,AlertDescription
FNF:3
FNH:0
FNDA:0,Alert
FNDA:0,AlertTitle
FNDA:0,AlertDescription
DA:6,0
DA:24,0
DA:25,0
DA:27,0
DA:37,0
DA:38,0
DA:51,0
DA:52,0
DA:54,0
LF:9
LH:0
BRF:0
BRH:0
end_of_record
TN:
SF:components/ui/aspect-ratio.tsx
FN:5,AspectRatio
FNF:1
FNH:0
FNDA:0,AspectRatio
DA:6,0
DA:8,0
LF:2
LH:0
BRF:0
BRH:0
end_of_record
TN:
SF:components/ui/avatar.tsx
FN:8,Avatar
FN:24,AvatarImage
FN:37,AvatarFallback
FNF:3
FNH:0
FNDA:0,Avatar
FNDA:0,AvatarImage
FNDA:0,AvatarFallback
DA:9,0
DA:10,0
DA:12,0
DA:25,0
DA:26,0
DA:28,0
DA:38,0
DA:39,0
DA:41,0
LF:9
LH:0
BRF:0
BRH:0
end_of_record
TN:
SF:components/ui/badge.tsx
FN:28,Badge
FNF:1
FNH:0
FNDA:0,Badge
DA:7,0
DA:31,0
DA:32,0
DA:35,0
DA:37,0
LF:5
LH:0
BRDA:31,0,0,0
BRDA:35,1,0,0
BRDA:35,1,1,0
BRF:3
BRH:0
end_of_record
TN:
SF:components/ui/breadcrumb.tsx
FN:7,Breadcrumb
FN:11,BreadcrumbList
FN:24,BreadcrumbItem
FN:34,BreadcrumbLink
FN:52,BreadcrumbPage
FN:65,BreadcrumbSeparator
FN:83,BreadcrumbEllipsis
FNF:7
FNH:0
FNDA:0,Breadcrumb
FNDA:0,BreadcrumbList
FNDA:0,BreadcrumbItem
FNDA:0,BreadcrumbLink
FNDA:0,BreadcrumbPage
FNDA:0,BreadcrumbSeparator
FNDA:0,BreadcrumbEllipsis
DA:7,0
DA:8,0
DA:11,0
DA:12,0
DA:24,0
DA:25,0
DA:36,0
DA:37,0
DA:41,0
DA:43,0
DA:52,0
DA:53,0
DA:67,0
DA:68,0
DA:70,0
DA:84,0
DA:85,0
DA:87,0
LF:18
LH:0
BRDA:41,0,0,0
BRDA:41,0,1,0
BRDA:78,1,0,0
BRDA:78,1,1,0
BRDA:78,2,0,0
BRDA:78,2,1,0
BRF:6
BRH:0
end_of_record
TN:
SF:components/ui/button.tsx
FN:38,Button
FNF:1
FNH:1
FNDA:142,Button
DA:1,4
DA:2,4
DA:3,4
DA:5,4
DA:7,4
DA:43,142
DA:44,142
DA:49,142
DA:51,142
DA:62,4
LF:10
LH:10
BRDA:42,0,0,142
BRDA:49,1,0,0
BRDA:49,1,1,142
BRF:3
BRH:2
end_of_record
TN:
SF:components/ui/calendar.tsx
FN:14,Calendar
FN:39,(anonymous_2)
FN:128,(anonymous_3)
FN:138,(anonymous_4)
FN:159,(anonymous_5)
FN:175,CalendarDayButton
FN:184,(anonymous_7)
FNF:7
FNH:0
FNDA:0,Calendar
FNDA:0,(anonymous_2)
FNDA:0,(anonymous_3)
FNDA:0,(anonymous_4)
FNDA:0,(anonymous_5)
FNDA:0,CalendarDayButton
FNDA:0,(anonymous_7)
DA:21,0
DA:22,0
DA:26,0
DA:28,0
DA:40,0
DA:128,0
DA:129,0
DA:138,0
DA:139,0
DA:140,0
DA:145,0
DA:146,0
DA:154,0
DA:159,0
DA:160,0
DA:178,0
DA:179,0
DA:181,0
DA:183,0
DA:184,0
DA:185,0
DA:188,0
LF:22
LH:0
BRDA:17,0,0,0
BRDA:18,1,0,0
BRDA:19,2,0,0
BRDA:82,3,0,0
BRDA:82,3,1,0
BRDA:139,4,0,0
BRDA:145,5,0,0
BRDA:185,6,0,0
BRDA:185,7,0,0
BRDA:185,7,1,0
BRDA:185,8,0,0
BRDA:185,8,1,0
BRDA:195,9,0,0
BRDA:195,9,1,0
BRDA:195,9,2,0
BRDA:195,9,3,0
BRF:16
BRH:0
end_of_record
TN:
SF:components/ui/card.tsx
FN:5,Card
FN:18,CardHeader
FN:31,CardTitle
FN:41,CardDescription
FN:51,CardAction
FN:64,CardContent
FN:74,CardFooter
FNF:7
FNH:1
FNDA:108,Card
FNDA:0,CardHeader
FNDA:0,CardTitle
FNDA:0,CardDescription
FNDA:0,CardAction
FNDA:0,CardContent
FNDA:0,CardFooter
DA:1,4
DA:3,4
DA:5,108
DA:6,108
DA:18,0
DA:19,0
DA:31,0
DA:32,0
DA:41,0
DA:42,0
DA:51,0
DA:52,0
DA:64,0
DA:65,0
DA:74,0
DA:75,0
DA:85,4
DA:86,4
DA:87,4
DA:88,4
DA:89,4
DA:90,4
DA:91,4
LF:23
LH:11
BRF:0
BRH:0
end_of_record
TN:
SF:components/ui/carousel.tsx
FN:35,useCarousel
FN:45,Carousel
FN:64,(anonymous_3)
FN:70,(anonymous_4)
FN:74,(anonymous_5)
FN:79,(anonymous_6)
FN:91,(anonymous_7)
FN:96,(anonymous_8)
FN:102,(anonymous_9)
FN:135,CarouselContent
FN:156,CarouselItem
FN:174,CarouselPrevious
FN:204,CarouselNext
FNF:13
FNH:0
FNDA:0,useCarousel
FNDA:0,Carousel
FNDA:0,(anonymous_3)
FNDA:0,(anonymous_4)
FNDA:0,(anonymous_5)
FNDA:0,(anonymous_6)
FNDA:0,(anonymous_7)
FNDA:0,(anonymous_8)
FNDA:0,(anonymous_9)
FNDA:0,CarouselContent
FNDA:0,CarouselItem
FNDA:0,CarouselPrevious
FNDA:0,CarouselNext
DA:33,0
DA:36,0
DA:38,0
DA:39,0
DA:42,0
DA:51,0
DA:52,0
DA:54,0
DA:61,0
DA:62,0
DA:64,0
DA:65,0
DA:66,0
DA:67,0
DA:70,0
DA:71,0
DA:74,0
DA:75,0
DA:78,0
DA:80,0
DA:81,0
DA:82,0
DA:83,0
DA:84,0
DA:85,0
DA:91,0
DA:92,0
DA:93,0
DA:96,0
DA:97,0
DA:98,0
DA:99,0
DA:100,0
DA:102,0
DA:103,0
DA:107,0
DA:135,0
DA:136,0
DA:138,0
DA:156,0
DA:157,0
DA:159,0
DA:177,0
DA:178,0
DA:180,0
DA:182,0
DA:207,0
DA:208,0
DA:210,0
DA:212,0
LF:50
LH:0
BRDA:38,0,0,0
BRDA:46,1,0,0
BRDA:57,2,0,0
BRDA:57,2,1,0
BRDA:65,3,0,0
BRDA:71,4,0,0
BRDA:71,4,1,0
BRDA:71,5,0,0
BRDA:71,5,1,0
BRDA:75,6,0,0
BRDA:75,6,1,0
BRDA:75,7,0,0
BRDA:75,7,1,0
BRDA:80,8,0,0
BRDA:80,8,1,0
BRDA:83,9,0,0
BRDA:92,10,0,0
BRDA:92,11,0,0
BRDA:92,11,1,0
BRDA:97,12,0,0
BRDA:103,13,0,0
BRDA:103,13,1,0
BRDA:103,14,0,0
BRDA:103,14,1,0
BRDA:114,15,0,0
BRDA:114,15,1,0
BRDA:114,16,0,0
BRDA:114,16,1,0
BRDA:114,17,0,0
BRDA:114,17,1,0
BRDA:114,18,0,0
BRDA:114,18,1,0
BRDA:147,19,0,0
BRDA:147,19,1,0
BRDA:166,20,0,0
BRDA:166,20,1,0
BRDA:176,21,0,0
BRDA:177,22,0,0
BRDA:189,23,0,0
BRDA:189,23,1,0
BRDA:206,24,0,0
BRDA:207,25,0,0
BRDA:219,26,0,0
BRDA:219,26,1,0
BRF:44
BRH:0
end_of_record
TN:
SF:components/ui/chart.tsx
FN:28,useChart
FN:38,ChartContainer
FN:73,(anonymous_3)
FN:75,(anonymous_4)
FN:85,(anonymous_5)
FN:88,(anonymous_6)
FN:122,ChartTooltipContent
FN:146,(anonymous_8)
FN:197,(anonymous_9)
FN:268,ChartLegendContent
FN:293,(anonymous_11)
FN:323,getPayloadConfigFromPayload
FNF:12
FNH:0
FNDA:0,useChart
FNDA:0,ChartContainer
FNDA:0,(anonymous_3)
FNDA:0,(anonymous_4)
FNDA:0,(anonymous_5)
FNDA:0,(anonymous_6)
FNDA:0,ChartTooltipContent
FNDA:0,(anonymous_8)
FNDA:0,(anonymous_9)
FNDA:0,ChartLegendContent
FNDA:0,(anonymous_11)
FNDA:0,getPayloadConfigFromPayload
DA:10,0
DA:26,0
DA:29,0
DA:31,0
DA:32,0
DA:35,0
DA:42,0
DA:43,0
DA:50,0
DA:51,0
DA:53,0
DA:73,0
DA:74,0
DA:75,0
DA:78,0
DA:79,0
DA:83,0
DA:85,0
DA:90,0
DA:92,0
DA:105,0
DA:111,0
DA:120,0
DA:144,0
DA:146,0
DA:147,0
DA:148,0
DA:151,0
DA:152,0
DA:153,0
DA:155,0
DA:159,0
DA:160,0
DA:167,0
DA:168,0
DA:171,0
DA:182,0
DA:183,0
DA:186,0
DA:188,0
DA:198,0
DA:199,0
DA:200,0
DA:202,0
DA:266,0
DA:279,0
DA:281,0
DA:282,0
DA:285,0
DA:294,0
DA:295,0
DA:297,0
DA:328,0
DA:329,0
DA:333,0
DA:339,0
DA:341,0
DA:345,0
DA:346,0
DA:351,0
DA:356,0
LF:61
LH:0
BRDA:31,0,0,0
BRDA:51,1,0,0
BRDA:51,1,1,0
BRDA:75,2,0,0
BRDA:75,2,1,0
BRDA:78,3,0,0
BRDA:90,4,0,0
BRDA:90,4,1,0
BRDA:90,5,0,0
BRDA:90,5,1,0
BRDA:90,6,0,0
BRDA:90,6,1,0
BRDA:92,7,0,0
BRDA:92,7,1,0
BRDA:126,8,0,0
BRDA:127,9,0,0
BRDA:128,10,0,0
BRDA:147,11,0,0
BRDA:147,12,0,0
BRDA:147,12,1,0
BRDA:147,13,0,0
BRDA:147,13,1,0
BRDA:147,14,0,0
BRDA:147,14,1,0
BRDA:152,15,0,0
BRDA:152,15,1,0
BRDA:152,15,2,0
BRDA:152,15,3,0
BRDA:152,16,0,0
BRDA:152,16,1,0
BRDA:152,17,0,0
BRDA:152,17,1,0
BRDA:152,18,0,0
BRDA:152,18,1,0
BRDA:152,19,0,0
BRDA:152,19,1,0
BRDA:155,20,0,0
BRDA:155,20,1,0
BRDA:155,21,0,0
BRDA:155,21,1,0
BRDA:156,22,0,0
BRDA:156,22,1,0
BRDA:156,23,0,0
BRDA:156,23,1,0
BRDA:156,24,0,0
BRDA:156,24,1,0
BRDA:157,25,0,0
BRDA:157,25,1,0
BRDA:157,26,0,0
BRDA:157,26,1,0
BRDA:159,27,0,0
BRDA:167,28,0,0
BRDA:182,29,0,0
BRDA:182,30,0,0
BRDA:182,30,1,0
BRDA:182,31,0,0
BRDA:182,31,1,0
BRDA:182,32,0,0
BRDA:182,32,1,0
BRDA:186,33,0,0
BRDA:186,33,1,0
BRDA:195,34,0,0
BRDA:195,34,1,0
BRDA:198,35,0,0
BRDA:198,35,1,0
BRDA:198,35,2,0
BRDA:198,35,3,0
BRDA:200,36,0,0
BRDA:200,36,1,0
BRDA:200,36,2,0
BRDA:207,37,0,0
BRDA:207,37,1,0
BRDA:210,38,0,0
BRDA:210,38,1,0
BRDA:210,39,0,0
BRDA:210,39,1,0
BRDA:210,39,2,0
BRDA:210,40,0,0
BRDA:210,40,1,0
BRDA:210,41,0,0
BRDA:210,41,1,0
BRDA:214,42,0,0
BRDA:214,42,1,0
BRDA:214,43,0,0
BRDA:214,43,1,0
BRDA:214,44,0,0
BRDA:214,44,1,0
BRDA:217,45,0,0
BRDA:217,45,1,0
BRDA:226,46,0,0
BRDA:226,46,1,0
BRDA:241,47,0,0
BRDA:241,47,1,0
BRDA:245,48,0,0
BRDA:245,48,1,0
BRDA:247,49,0,0
BRDA:247,49,1,0
BRDA:247,50,0,0
BRDA:247,50,1,0
BRDA:247,51,0,0
BRDA:247,51,1,0
BRDA:250,52,0,0
BRDA:250,52,1,0
BRDA:270,53,0,0
BRDA:272,54,0,0
BRDA:281,55,0,0
BRDA:281,56,0,0
BRDA:281,56,1,0
BRDA:281,57,0,0
BRDA:281,57,1,0
BRDA:289,58,0,0
BRDA:289,58,1,0
BRDA:294,59,0,0
BRDA:294,59,1,0
BRDA:294,59,2,0
BRDA:304,60,0,0
BRDA:304,60,1,0
BRDA:304,61,0,0
BRDA:304,61,1,0
BRDA:304,62,0,0
BRDA:304,62,1,0
BRDA:304,63,0,0
BRDA:304,63,1,0
BRDA:314,64,0,0
BRDA:314,64,1,0
BRDA:314,65,0,0
BRDA:314,65,1,0
BRDA:328,66,0,0
BRDA:328,67,0,0
BRDA:328,67,1,0
BRDA:333,68,0,0
BRDA:333,68,1,0
BRDA:333,69,0,0
BRDA:333,69,1,0
BRDA:333,69,2,0
BRDA:341,70,0,0
BRDA:341,70,1,0
BRDA:342,71,0,0
BRDA:342,71,1,0
BRDA:346,72,0,0
BRDA:347,73,0,0
BRDA:347,73,1,0
BRDA:347,73,2,0
BRDA:356,74,0,0
BRDA:356,74,1,0
BRF:145
BRH:0
end_of_record
TN:
SF:components/ui/checkbox.tsx
FN:9,Checkbox
FNF:1
FNH:1
FNDA:76,Checkbox
DA:3,4
DA:4,4
DA:5,4
DA:7,4
DA:10,76
DA:11,76
DA:13,76
DA:32,4
LF:8
LH:8
BRF:0
BRH:0
end_of_record
TN:
SF:components/ui/collapsible.tsx
FN:5,Collapsible
FN:11,CollapsibleTrigger
FN:22,CollapsibleContent
FNF:3
FNH:0
FNDA:0,Collapsible
FNDA:0,CollapsibleTrigger
FNDA:0,CollapsibleContent
DA:6,0
DA:8,0
DA:12,0
DA:14,0
DA:23,0
DA:25,0
LF:6
LH:0
BRF:0
BRH:0
end_of_record
TN:
SF:components/ui/command.tsx
FN:16,Command
FN:32,CommandDialog
FN:63,CommandInput
FN:85,CommandList
FN:101,CommandEmpty
FN:113,CommandGroup
FN:129,CommandSeparator
FN:142,CommandItem
FN:158,CommandShortcut
FNF:9
FNH:0
FNDA:0,Command
FNDA:0,CommandDialog
FNDA:0,CommandInput
FNDA:0,CommandList
FNDA:0,CommandEmpty
FNDA:0,CommandGroup
FNDA:0,CommandSeparator
FNDA:0,CommandItem
FNDA:0,CommandShortcut
DA:17,0
DA:18,0
DA:20,0
DA:37,0
DA:38,0
DA:45,0
DA:64,0
DA:65,0
DA:67,0
DA:86,0
DA:87,0
DA:89,0
DA:102,0
DA:104,0
DA:114,0
DA:115,0
DA:117,0
DA:130,0
DA:131,0
DA:133,0
DA:143,0
DA:144,0
DA:146,0
DA:159,0
DA:160,0
DA:162,0
LF:26
LH:0
BRDA:33,0,0,0
BRDA:34,1,0,0
BRDA:37,2,0,0
BRF:3
BRH:0
end_of_record
TN:
SF:components/ui/context-menu.tsx
FN:9,ContextMenu
FN:15,ContextMenuTrigger
FN:23,ContextMenuGroup
FN:31,ContextMenuPortal
FN:39,ContextMenuSub
FN:45,ContextMenuRadioGroup
FN:56,ContextMenuSubTrigger
FN:80,ContextMenuSubContent
FN:96,ContextMenuContent
FN:114,ContextMenuItem
FN:137,ContextMenuCheckboxItem
FN:163,ContextMenuRadioItem
FN:187,ContextMenuLabel
FN:207,ContextMenuSeparator
FN:220,ContextMenuShortcut
FNF:15
FNH:0
FNDA:0,ContextMenu
FNDA:0,ContextMenuTrigger
FNDA:0,ContextMenuGroup
FNDA:0,ContextMenuPortal
FNDA:0,ContextMenuSub
FNDA:0,ContextMenuRadioGroup
FNDA:0,ContextMenuSubTrigger
FNDA:0,ContextMenuSubContent
FNDA:0,ContextMenuContent
FNDA:0,ContextMenuItem
FNDA:0,ContextMenuCheckboxItem
FNDA:0,ContextMenuRadioItem
FNDA:0,ContextMenuLabel
FNDA:0,ContextMenuSeparator
FNDA:0,ContextMenuShortcut
DA:10,0
DA:12,0
DA:16,0
DA:18,0
DA:24,0
DA:26,0
DA:32,0
DA:34,0
DA:40,0
DA:42,0
DA:46,0
DA:48,0
DA:59,0
DA:60,0
DA:64,0
DA:81,0
DA:82,0
DA:84,0
DA:97,0
DA:98,0
DA:100,0
DA:117,0
DA:118,0
DA:123,0
DA:140,0
DA:141,0
DA:143,0
DA:165,0
DA:166,0
DA:168,0
DA:189,0
DA:190,0
DA:194,0
DA:208,0
DA:209,0
DA:211,0
DA:221,0
DA:222,0
DA:224,0
LF:39
LH:0
BRDA:117,0,0,0
BRF:1
BRH:0
end_of_record
TN:
SF:components/ui/dialog.tsx
FN:9,Dialog
FN:15,DialogTrigger
FN:21,DialogPortal
FN:27,DialogClose
FN:33,DialogOverlay
FN:49,DialogContent
FN:83,DialogHeader
FN:93,DialogFooter
FN:106,DialogTitle
FN:119,DialogDescription
FNF:10
FNH:0
FNDA:0,Dialog
FNDA:0,DialogTrigger
FNDA:0,DialogPortal
FNDA:0,DialogClose
FNDA:0,DialogOverlay
FNDA:0,DialogContent
FNDA:0,DialogHeader
FNDA:0,DialogFooter
FNDA:0,DialogTitle
FNDA:0,DialogDescription
DA:10,0
DA:12,0
DA:16,0
DA:18,0
DA:22,0
DA:24,0
DA:28,0
DA:30,0
DA:34,0
DA:35,0
DA:37,0
DA:52,0
DA:53,0
DA:57,0
DA:83,0
DA:84,0
DA:93,0
DA:94,0
DA:107,0
DA:108,0
DA:110,0
DA:120,0
DA:121,0
DA:123,0
LF:24
LH:0
BRDA:52,0,0,0
BRDA:69,1,0,0
BRDA:69,1,1,0
BRF:3
BRH:0
end_of_record
TN:
SF:components/ui/drawer.tsx
FN:8,Drawer
FN:14,DrawerTrigger
FN:20,DrawerPortal
FN:26,DrawerClose
FN:32,DrawerOverlay
FN:48,DrawerContent
FN:75,DrawerHeader
FN:88,DrawerFooter
FN:98,DrawerTitle
FN:111,DrawerDescription
FNF:10
FNH:0
FNDA:0,Drawer
FNDA:0,DrawerTrigger
FNDA:0,DrawerPortal
FNDA:0,DrawerClose
FNDA:0,DrawerOverlay
FNDA:0,DrawerContent
FNDA:0,DrawerHeader
FNDA:0,DrawerFooter
FNDA:0,DrawerTitle
FNDA:0,DrawerDescription
DA:9,0
DA:11,0
DA:15,0
DA:17,0
DA:21,0
DA:23,0
DA:27,0
DA:29,0
DA:33,0
DA:34,0
DA:36,0
DA:50,0
DA:51,0
DA:53,0
DA:75,0
DA:76,0
DA:88,0
DA:89,0
DA:99,0
DA:100,0
DA:102,0
DA:112,0
DA:113,0
DA:115,0
LF:24
LH:0
BRF:0
BRH:0
end_of_record
TN:
SF:components/ui/dropdown-menu.tsx
FN:9,DropdownMenu
FN:15,DropdownMenuPortal
FN:23,DropdownMenuTrigger
FN:34,DropdownMenuContent
FN:54,DropdownMenuGroup
FN:62,DropdownMenuItem
FN:85,DropdownMenuCheckboxItem
FN:111,DropdownMenuRadioGroup
FN:122,DropdownMenuRadioItem
FN:146,DropdownMenuLabel
FN:166,DropdownMenuSeparator
FN:179,DropdownMenuShortcut
FN:195,DropdownMenuSub
FN:201,DropdownMenuSubTrigger
FN:225,DropdownMenuSubContent
FNF:15
FNH:0
FNDA:0,DropdownMenu
FNDA:0,DropdownMenuPortal
FNDA:0,DropdownMenuTrigger
FNDA:0,DropdownMenuContent
FNDA:0,DropdownMenuGroup
FNDA:0,DropdownMenuItem
FNDA:0,DropdownMenuCheckboxItem
FNDA:0,DropdownMenuRadioGroup
FNDA:0,DropdownMenuRadioItem
FNDA:0,DropdownMenuLabel
FNDA:0,DropdownMenuSeparator
FNDA:0,DropdownMenuShortcut
FNDA:0,DropdownMenuSub
FNDA:0,DropdownMenuSubTrigger
FNDA:0,DropdownMenuSubContent
DA:10,0
DA:12,0
DA:16,0
DA:18,0
DA:24,0
DA:26,0
DA:36,0
DA:37,0
DA:39,0
DA:55,0
DA:57,0
DA:65,0
DA:66,0
DA:71,0
DA:88,0
DA:89,0
DA:91,0
DA:112,0
DA:114,0
DA:124,0
DA:125,0
DA:127,0
DA:148,0
DA:149,0
DA:153,0
DA:167,0
DA:168,0
DA:170,0
DA:180,0
DA:181,0
DA:183,0
DA:196,0
DA:198,0
DA:204,0
DA:205,0
DA:209,0
DA:226,0
DA:227,0
DA:229,0
LF:39
LH:0
BRDA:36,0,0,0
BRDA:65,1,0,0
BRF:2
BRH:0
end_of_record
TN:
SF:components/ui/form.tsx
FN:32,(anonymous_1)
FN:45,(anonymous_2)
FN:76,FormItem
FN:90,FormLabel
FN:107,FormControl
FN:125,FormDescription
FN:138,FormMessage
FNF:7
FNH:0
FNDA:0,(anonymous_1)
FNDA:0,(anonymous_2)
FNDA:0,FormItem
FNDA:0,FormLabel
FNDA:0,FormControl
FNDA:0,FormDescription
FNDA:0,FormMessage
DA:19,0
DA:28,0
DA:32,0
DA:36,0
DA:38,0
DA:45,0
DA:46,0
DA:47,0
DA:48,0
DA:49,0
DA:50,0
DA:52,0
DA:53,0
DA:56,0
DA:58,0
DA:72,0
DA:76,0
DA:77,0
DA:79,0
DA:91,0
DA:92,0
DA:94,0
DA:96,0
DA:107,0
DA:108,0
DA:110,0
DA:125,0
DA:126,0
DA:128,0
DA:138,0
DA:139,0
DA:140,0
DA:142,0
DA:143,0
DA:146,0
LF:35
LH:0
BRDA:52,0,0,0
BRDA:115,1,0,0
BRDA:115,1,1,0
BRDA:140,2,0,0
BRDA:140,2,1,0
BRDA:140,3,0,0
BRDA:140,3,1,0
BRDA:140,4,0,0
BRDA:140,4,1,0
BRDA:140,5,0,0
BRDA:140,5,1,0
BRDA:140,6,0,0
BRDA:140,6,1,0
BRDA:142,7,0,0
BRF:14
BRH:0
end_of_record
TN:
SF:components/ui/hover-card.tsx
FN:8,HoverCard
FN:14,HoverCardTrigger
FN:22,HoverCardContent
FNF:3
FNH:0
FNDA:0,HoverCard
FNDA:0,HoverCardTrigger
FNDA:0,HoverCardContent
DA:9,0
DA:11,0
DA:15,0
DA:17,0
DA:25,0
DA:26,0
DA:28,0
LF:7
LH:0
BRDA:24,0,0,0
BRDA:25,1,0,0
BRF:2
BRH:0
end_of_record
TN:
SF:components/ui/input-otp.tsx
FN:9,InputOTP
FN:29,InputOTPGroup
FN:39,InputOTPSlot
FN:69,InputOTPSeparator
FNF:4
FNH:0
FNDA:0,InputOTP
FNDA:0,InputOTPGroup
FNDA:0,InputOTPSlot
FNDA:0,InputOTPSeparator
DA:11,0
DA:12,0
DA:16,0
DA:29,0
DA:30,0
DA:41,0
DA:42,0
DA:46,0
DA:47,0
DA:49,0
DA:69,0
DA:70,0
LF:12
LH:0
BRDA:47,0,0,0
BRDA:47,0,1,0
BRDA:47,1,0,0
BRDA:47,1,1,0
BRDA:47,2,0,0
BRDA:47,2,1,0
BRDA:47,3,0,0
BRDA:47,3,1,0
BRDA:60,4,0,0
BRDA:60,4,1,0
BRF:10
BRH:0
end_of_record
TN:
SF:components/ui/input.tsx
FN:5,Input
FNF:1
FNH:0
FNDA:0,Input
DA:5,0
DA:6,0
LF:2
LH:0
BRF:0
BRH:0
end_of_record
TN:
SF:components/ui/label.tsx
FN:8,Label
FNF:1
FNH:1
FNDA:174,Label
DA:3,4
DA:4,4
DA:6,4
DA:10,174
DA:11,174
DA:13,174
DA:27,4
LF:7
LH:7
BRF:0
BRH:0
end_of_record
TN:
SF:components/ui/menubar.tsx
FN:9,Menubar
FN:25,MenubarMenu
FN:31,MenubarGroup
FN:37,MenubarPortal
FN:43,MenubarRadioGroup
FN:51,MenubarTrigger
FN:67,MenubarContent
FN:91,MenubarItem
FN:114,MenubarCheckboxItem
FN:140,MenubarRadioItem
FN:164,MenubarLabel
FN:184,MenubarSeparator
FN:197,MenubarShortcut
FN:213,MenubarSub
FN:219,MenubarSubTrigger
FN:243,MenubarSubContent
FNF:16
FNH:0
FNDA:0,Menubar
FNDA:0,MenubarMenu
FNDA:0,MenubarGroup
FNDA:0,MenubarPortal
FNDA:0,MenubarRadioGroup
FNDA:0,MenubarTrigger
FNDA:0,MenubarContent
FNDA:0,MenubarItem
FNDA:0,MenubarCheckboxItem
FNDA:0,MenubarRadioItem
FNDA:0,MenubarLabel
FNDA:0,MenubarSeparator
FNDA:0,MenubarShortcut
FNDA:0,MenubarSub
FNDA:0,MenubarSubTrigger
FNDA:0,MenubarSubContent
DA:10,0
DA:11,0
DA:13,0
DA:26,0
DA:28,0
DA:32,0
DA:34,0
DA:38,0
DA:40,0
DA:44,0
DA:46,0
DA:52,0
DA:53,0
DA:55,0
DA:71,0
DA:72,0
DA:74,0
DA:94,0
DA:95,0
DA:100,0
DA:117,0
DA:118,0
DA:120,0
DA:142,0
DA:143,0
DA:145,0
DA:166,0
DA:167,0
DA:171,0
DA:185,0
DA:186,0
DA:188,0
DA:198,0
DA:199,0
DA:201,0
DA:214,0
DA:216,0
DA:222,0
DA:223,0
DA:227,0
DA:244,0
DA:245,0
DA:247,0
LF:43
LH:0
BRDA:69,0,0,0
BRDA:70,1,0,0
BRDA:71,2,0,0
BRDA:94,3,0,0
BRF:4
BRH:0
end_of_record
TN:
SF:components/ui/navigation-menu.tsx
FN:8,NavigationMenu
FN:32,NavigationMenuList
FN:48,NavigationMenuItem
FN:65,NavigationMenuTrigger
FN:85,NavigationMenuContent
FN:102,NavigationMenuViewport
FN:122,NavigationMenuLink
FN:138,NavigationMenuIndicator
FNF:8
FNH:0
FNDA:0,NavigationMenu
FNDA:0,NavigationMenuList
FNDA:0,NavigationMenuItem
FNDA:0,NavigationMenuTrigger
FNDA:0,NavigationMenuContent
FNDA:0,NavigationMenuViewport
FNDA:0,NavigationMenuLink
FNDA:0,NavigationMenuIndicator
DA:11,0
DA:12,0
DA:16,0
DA:33,0
DA:34,0
DA:36,0
DA:49,0
DA:50,0
DA:52,0
DA:61,0
DA:67,0
DA:68,0
DA:70,0
DA:86,0
DA:87,0
DA:89,0
DA:103,0
DA:104,0
DA:106,0
DA:123,0
DA:124,0
DA:126,0
DA:139,0
DA:140,0
DA:142,0
LF:25
LH:0
BRDA:11,0,0,0
BRDA:27,1,0,0
BRDA:27,1,1,0
BRF:3
BRH:0
end_of_record
TN:
SF:components/ui/pagination.tsx
FN:11,Pagination
FN:23,PaginationContent
FN:36,PaginationItem
FN:45,PaginationLink
FN:68,PaginationPrevious
FN:85,PaginationNext
FN:102,PaginationEllipsis
FNF:7
FNH:0
FNDA:0,Pagination
FNDA:0,PaginationContent
FNDA:0,PaginationItem
FNDA:0,PaginationLink
FNDA:0,PaginationPrevious
FNDA:0,PaginationNext
FNDA:0,PaginationEllipsis
DA:11,0
DA:12,0
DA:24,0
DA:25,0
DA:27,0
DA:36,0
DA:37,0
DA:48,0
DA:49,0
DA:51,0
DA:69,0
DA:70,0
DA:72,0
DA:86,0
DA:87,0
DA:89,0
DA:103,0
DA:104,0
DA:106,0
LF:19
LH:0
BRDA:48,0,0,0
BRDA:53,1,0,0
BRDA:53,1,1,0
BRDA:58,2,0,0
BRDA:58,2,1,0
BRF:5
BRH:0
end_of_record
TN:
SF:components/ui/popover.tsx
FN:8,Popover
FN:14,PopoverTrigger
FN:20,PopoverContent
FN:42,PopoverAnchor
FNF:4
FNH:0
FNDA:0,Popover
FNDA:0,PopoverTrigger
FNDA:0,PopoverContent
FNDA:0,PopoverAnchor
DA:9,0
DA:11,0
DA:15,0
DA:17,0
DA:23,0
DA:24,0
DA:26,0
DA:43,0
DA:45,0
LF:9
LH:0
BRDA:22,0,0,0
BRDA:23,1,0,0
BRF:2
BRH:0
end_of_record
TN:
SF:components/ui/progress.tsx
FN:11,(anonymous_10)
FNF:1
FNH:1
FNDA:135,(anonymous_10)
DA:3,5
DA:4,5
DA:6,5
DA:8,5
DA:11,135
DA:23,5
DA:25,5
LF:7
LH:7
BRDA:19,0,0,135
BRDA:19,0,1,27
BRF:2
BRH:2
end_of_record
TN:
SF:components/ui/radio-group.tsx
FN:9,RadioGroup
FN:22,RadioGroupItem
FNF:2
FNH:2
FNDA:26,RadioGroup
FNDA:98,RadioGroupItem
DA:3,4
DA:4,4
DA:5,4
DA:7,4
DA:10,26
DA:11,26
DA:13,26
DA:23,98
DA:24,98
DA:26,98
DA:45,4
LF:11
LH:11
BRF:0
BRH:0
end_of_record
TN:
SF:components/ui/resizable.tsx
FN:9,ResizablePanelGroup
FN:25,ResizablePanel
FN:31,ResizableHandle
FNF:3
FNH:0
FNDA:0,ResizablePanelGroup
FNDA:0,ResizablePanel
FNDA:0,ResizableHandle
DA:10,0
DA:11,0
DA:13,0
DA:26,0
DA:28,0
DA:33,0
DA:34,0
DA:38,0
LF:8
LH:0
BRDA:47,0,0,0
BRDA:47,0,1,0
BRF:2
BRH:0
end_of_record
TN:
SF:components/ui/scroll-area.tsx
FN:8,ScrollArea
FN:31,ScrollBar
FNF:2
FNH:0
FNDA:0,ScrollArea
FNDA:0,ScrollBar
DA:10,0
DA:11,0
DA:13,0
DA:33,0
DA:34,0
DA:36,0
LF:6
LH:0
BRDA:33,0,0,0
BRDA:42,1,0,0
BRDA:42,1,1,0
BRDA:44,2,0,0
BRDA:44,2,1,0
BRF:5
BRH:0
end_of_record
TN:
SF:components/ui/select.tsx
FN:9,Select
FN:15,SelectGroup
FN:21,SelectValue
FN:27,SelectTrigger
FN:53,SelectContent
FN:88,SelectLabel
FN:101,SelectItem
FN:125,SelectSeparator
FN:138,SelectScrollUpButton
FN:156,SelectScrollDownButton
FNF:10
FNH:0
FNDA:0,Select
FNDA:0,SelectGroup
FNDA:0,SelectValue
FNDA:0,SelectTrigger
FNDA:0,SelectContent
FNDA:0,SelectLabel
FNDA:0,SelectItem
FNDA:0,SelectSeparator
FNDA:0,SelectScrollUpButton
FNDA:0,SelectScrollDownButton
DA:10,0
DA:12,0
DA:16,0
DA:18,0
DA:22,0
DA:24,0
DA:30,0
DA:31,0
DA:35,0
DA:56,0
DA:57,0
DA:59,0
DA:89,0
DA:90,0
DA:92,0
DA:103,0
DA:104,0
DA:106,0
DA:126,0
DA:127,0
DA:129,0
DA:139,0
DA:140,0
DA:142,0
DA:157,0
DA:158,0
DA:160,0
LF:27
LH:0
BRDA:29,0,0,0
BRDA:56,1,0,0
BRDA:65,2,0,0
BRDA:65,2,1,0
BRDA:76,3,0,0
BRDA:76,3,1,0
BRF:6
BRH:0
end_of_record
TN:
SF:components/ui/separator.tsx
FN:8,Separator
FNF:1
FNH:0
FNDA:0,Separator
DA:11,0
DA:12,0
DA:14,0
LF:3
LH:0
BRDA:10,0,0,0
BRDA:11,1,0,0
BRF:2
BRH:0
end_of_record
TN:
SF:components/ui/sheet.tsx
FN:9,Sheet
FN:13,SheetTrigger
FN:19,SheetClose
FN:25,SheetPortal
FN:31,SheetOverlay
FN:47,SheetContent
FN:84,SheetHeader
FN:94,SheetFooter
FN:104,SheetTitle
FN:117,SheetDescription
FNF:10
FNH:0
FNDA:0,Sheet
FNDA:0,SheetTrigger
FNDA:0,SheetClose
FNDA:0,SheetPortal
FNDA:0,SheetOverlay
FNDA:0,SheetContent
FNDA:0,SheetHeader
FNDA:0,SheetFooter
FNDA:0,SheetTitle
FNDA:0,SheetDescription
DA:9,0
DA:10,0
DA:14,0
DA:16,0
DA:20,0
DA:22,0
DA:26,0
DA:28,0
DA:32,0
DA:33,0
DA:35,0
DA:50,0
DA:51,0
DA:55,0
DA:84,0
DA:85,0
DA:94,0
DA:95,0
DA:105,0
DA:106,0
DA:108,0
DA:118,0
DA:119,0
DA:121,0
LF:24
LH:0
BRDA:50,0,0,0
BRDA:62,1,0,0
BRDA:62,1,1,0
BRDA:64,2,0,0
BRDA:64,2,1,0
BRDA:66,3,0,0
BRDA:66,3,1,0
BRDA:68,4,0,0
BRDA:68,4,1,0
BRF:9
BRH:0
end_of_record
TN:
SF:components/ui/sidebar.tsx
FN:47,useSidebar
FN:56,SidebarProvider
FN:77,(anonymous_3)
FN:92,(anonymous_4)
FN:93,(anonymous_5)
FN:93,(anonymous_6)
FN:97,(anonymous_7)
FN:98,(anonymous_8)
FN:109,(anonymous_9)
FN:117,(anonymous_10)
FN:154,Sidebar
FN:256,SidebarTrigger
FN:270,(anonymous_13)
FN:282,SidebarRail
FN:307,SidebarInset
FN:321,SidebarInput
FN:335,SidebarHeader
FN:346,SidebarFooter
FN:357,SidebarSeparator
FN:371,SidebarContent
FN:385,SidebarGroup
FN:396,SidebarGroupLabel
FN:417,SidebarGroupAction
FN:440,SidebarGroupContent
FN:454,SidebarMenu
FN:465,SidebarMenuItem
FN:498,SidebarMenuButton
FN:548,SidebarMenuAction
FN:580,SidebarMenuBadge
FN:602,SidebarMenuSkeleton
FN:610,(anonymous_31)
FN:640,SidebarMenuSub
FN:655,SidebarMenuSubItem
FN:669,SidebarMenuSubButton
FNF:34
FNH:0
FNDA:0,useSidebar
FNDA:0,SidebarProvider
FNDA:0,(anonymous_3)
FNDA:0,(anonymous_4)
FNDA:0,(anonymous_5)
FNDA:0,(anonymous_6)
FNDA:0,(anonymous_7)
FNDA:0,(anonymous_8)
FNDA:0,(anonymous_9)
FNDA:0,(anonymous_10)
FNDA:0,Sidebar
FNDA:0,SidebarTrigger
FNDA:0,(anonymous_13)
FNDA:0,SidebarRail
FNDA:0,SidebarInset
FNDA:0,SidebarInput
FNDA:0,SidebarHeader
FNDA:0,SidebarFooter
FNDA:0,SidebarSeparator
FNDA:0,SidebarContent
FNDA:0,SidebarGroup
FNDA:0,SidebarGroupLabel
FNDA:0,SidebarGroupAction
FNDA:0,SidebarGroupContent
FNDA:0,SidebarMenu
FNDA:0,SidebarMenuItem
FNDA:0,SidebarMenuButton
FNDA:0,SidebarMenuAction
FNDA:0,SidebarMenuBadge
FNDA:0,SidebarMenuSkeleton
FNDA:0,(anonymous_31)
FNDA:0,SidebarMenuSub
FNDA:0,SidebarMenuSubItem
FNDA:0,SidebarMenuSubButton
DA:28,0
DA:29,0
DA:30,0
DA:31,0
DA:32,0
DA:33,0
DA:45,0
DA:48,0
DA:49,0
DA:50,0
DA:53,0
DA:62,0
DA:63,0
DA:69,0
DA:70,0
DA:74,0
DA:75,0
DA:76,0
DA:78,0
DA:79,0
DA:80,0
DA:82,0
DA:86,0
DA:92,0
DA:93,0
DA:97,0
DA:98,0
DA:99,0
DA:103,0
DA:104,0
DA:108,0
DA:109,0
DA:114,0
DA:116,0
DA:117,0
DA:129,0
DA:159,0
DA:160,0
DA:166,0
DA:168,0
DA:169,0
DA:183,0
DA:184,0
DA:208,0
DA:258,0
DA:259,0
DA:261,0
DA:263,0
DA:271,0
DA:272,0
DA:282,0
DA:283,0
DA:285,0
DA:307,0
DA:308,0
DA:322,0
DA:323,0
DA:325,0
DA:335,0
DA:336,0
DA:346,0
DA:347,0
DA:358,0
DA:359,0
DA:361,0
DA:371,0
DA:372,0
DA:385,0
DA:386,0
DA:398,0
DA:399,0
DA:401,0
DA:403,0
DA:419,0
DA:420,0
DA:422,0
DA:424,0
DA:441,0
DA:442,0
DA:444,0
DA:454,0
DA:455,0
DA:465,0
DA:466,0
DA:476,0
DA:504,0
DA:505,0
DA:511,0
DA:512,0
DA:515,0
DA:525,0
DA:526,0
DA:529,0
DA:530,0
DA:535,0
DA:551,0
DA:552,0
DA:557,0
DA:559,0
DA:581,0
DA:582,0
DA:584,0
DA:604,0
DA:605,0
DA:610,0
DA:611,0
DA:614,0
DA:640,0
DA:641,0
DA:656,0
DA:657,0
DA:659,0
DA:673,0
DA:674,0
DA:680,0
DA:682,0
LF:116
LH:0
BRDA:49,0,0,0
BRDA:57,1,0,0
BRDA:75,2,0,0
BRDA:75,2,1,0
BRDA:75,3,0,0
BRDA:75,3,1,0
BRDA:78,4,0,0
BRDA:78,4,1,0
BRDA:79,5,0,0
BRDA:79,5,1,0
BRDA:93,6,0,0
BRDA:93,6,1,0
BRDA:99,7,0,0
BRDA:100,8,0,0
BRDA:100,8,1,0
BRDA:100,8,2,0
BRDA:114,9,0,0
BRDA:114,9,1,0
BRDA:155,10,0,0
BRDA:156,11,0,0
BRDA:157,12,0,0
BRDA:168,13,0,0
BRDA:183,14,0,0
BRDA:212,15,0,0
BRDA:212,15,1,0
BRDA:224,16,0,0
BRDA:224,16,1,0
BRDA:224,17,0,0
BRDA:224,17,1,0
BRDA:233,18,0,0
BRDA:233,18,1,0
BRDA:237,19,0,0
BRDA:237,19,1,0
BRDA:237,20,0,0
BRDA:237,20,1,0
BRDA:271,21,0,0
BRDA:271,21,1,0
BRDA:271,22,0,0
BRDA:271,22,1,0
BRDA:398,23,0,0
BRDA:401,24,0,0
BRDA:401,24,1,0
BRDA:419,25,0,0
BRDA:422,26,0,0
BRDA:422,26,1,0
BRDA:499,27,0,0
BRDA:500,28,0,0
BRDA:501,29,0,0
BRDA:502,30,0,0
BRDA:511,31,0,0
BRDA:511,31,1,0
BRDA:525,32,0,0
BRDA:529,33,0,0
BRDA:541,34,0,0
BRDA:541,34,1,0
BRDA:550,35,0,0
BRDA:551,36,0,0
BRDA:557,37,0,0
BRDA:557,37,1,0
BRDA:571,38,0,0
BRDA:571,38,1,0
BRDA:604,39,0,0
BRDA:621,40,0,0
BRDA:621,40,1,0
BRDA:670,41,0,0
BRDA:671,42,0,0
BRDA:672,43,0,0
BRDA:680,44,0,0
BRDA:680,44,1,0
BRDA:691,45,0,0
BRDA:691,45,1,0
BRDA:692,46,0,0
BRDA:692,46,1,0
BRF:73
BRH:0
end_of_record
TN:
SF:components/ui/skeleton.tsx
FN:3,Skeleton
FNF:1
FNH:0
FNDA:0,Skeleton
DA:3,0
DA:4,0
LF:2
LH:0
BRF:0
BRH:0
end_of_record
TN:
SF:components/ui/slider.tsx
FN:8,Slider
FN:17,(anonymous_2)
FN:52,(anonymous_3)
FNF:3
FNH:0
FNDA:0,Slider
FNDA:0,(anonymous_2)
FNDA:0,(anonymous_3)
DA:13,0
DA:14,0
DA:16,0
DA:18,0
DA:26,0
DA:53,0
LF:6
LH:0
BRDA:12,0,0,0
BRDA:13,1,0,0
BRDA:18,2,0,0
BRDA:18,2,1,0
BRDA:20,3,0,0
BRDA:20,3,1,0
BRF:6
BRH:0
end_of_record
TN:
SF:components/ui/sonner.tsx
FN:6,(anonymous_1)
FNF:1
FNH:0
FNDA:0,(anonymous_1)
DA:6,0
DA:7,0
DA:9,0
LF:3
LH:0
BRDA:7,0,0,0
BRF:1
BRH:0
end_of_record
TN:
SF:components/ui/switch.tsx
FN:8,Switch
FNF:1
FNH:0
FNDA:0,Switch
DA:9,0
DA:10,0
DA:12,0
LF:3
LH:0
BRF:0
BRH:0
end_of_record
TN:
SF:components/ui/table.tsx
FN:7,Table
FN:22,TableHeader
FN:32,TableBody
FN:42,TableFooter
FN:55,TableRow
FN:68,TableHead
FN:81,TableCell
FN:94,TableCaption
FNF:8
FNH:0
FNDA:0,Table
FNDA:0,TableHeader
FNDA:0,TableBody
FNDA:0,TableFooter
FNDA:0,TableRow
FNDA:0,TableHead
FNDA:0,TableCell
FNDA:0,TableCaption
DA:7,0
DA:8,0
DA:22,0
DA:23,0
DA:32,0
DA:33,0
DA:42,0
DA:43,0
DA:55,0
DA:56,0
DA:68,0
DA:69,0
DA:81,0
DA:82,0
DA:95,0
DA:96,0
DA:98,0
LF:17
LH:0
BRF:0
BRH:0
end_of_record
TN:
SF:components/ui/tabs.tsx
FN:8,Tabs
FN:21,TabsList
FN:37,TabsTrigger
FN:53,TabsContent
FNF:4
FNH:0
FNDA:0,Tabs
FNDA:0,TabsList
FNDA:0,TabsTrigger
FNDA:0,TabsContent
DA:9,0
DA:10,0
DA:12,0
DA:22,0
DA:23,0
DA:25,0
DA:38,0
DA:39,0
DA:41,0
DA:54,0
DA:55,0
DA:57,0
LF:12
LH:0
BRF:0
BRH:0
end_of_record
TN:
SF:components/ui/textarea.tsx
FN:5,Textarea
FNF:1
FNH:1
FNDA:43,Textarea
DA:1,4
DA:3,4
DA:5,43
DA:6,43
DA:18,4
LF:5
LH:5
BRF:0
BRH:0
end_of_record
TN:
SF:components/ui/toast.tsx
FN:15,(anonymous_1)
FN:47,(anonymous_2)
FN:61,(anonymous_3)
FN:76,(anonymous_4)
FN:94,(anonymous_5)
FN:106,(anonymous_6)
FNF:6
FNH:0
FNDA:0,(anonymous_1)
FNDA:0,(anonymous_2)
FNDA:0,(anonymous_3)
FNDA:0,(anonymous_4)
FNDA:0,(anonymous_5)
FNDA:0,(anonymous_6)
DA:10,0
DA:12,0
DA:15,0
DA:25,0
DA:27,0
DA:43,0
DA:47,0
DA:48,0
DA:56,0
DA:58,0
DA:61,0
DA:71,0
DA:73,0
DA:76,0
DA:89,0
DA:91,0
DA:94,0
DA:101,0
DA:103,0
DA:106,0
DA:113,0
LF:21
LH:0
BRF:0
BRH:0
end_of_record
TN:
SF:components/ui/toaster.tsx
FN:13,Toaster
FN:18,(anonymous_2)
FNF:2
FNH:0
FNDA:0,Toaster
FNDA:0,(anonymous_2)
DA:14,0
DA:16,0
DA:18,0
DA:19,0
LF:4
LH:0
BRDA:22,0,0,0
BRDA:22,0,1,0
BRDA:23,1,0,0
BRDA:23,1,1,0
BRF:4
BRH:0
end_of_record
TN:
SF:components/ui/toggle-group.tsx
FN:17,ToggleGroup
FN:43,ToggleGroupItem
FNF:2
FNH:0
FNDA:0,ToggleGroup
FNDA:0,ToggleGroupItem
DA:10,0
DA:21,0
DA:22,0
DA:25,0
DA:47,0
DA:48,0
DA:51,0
DA:53,0
LF:8
LH:0
BRDA:56,0,0,0
BRDA:56,0,1,0
BRDA:57,1,0,0
BRDA:57,1,1,0
BRDA:60,2,0,0
BRDA:60,2,1,0
BRDA:61,3,0,0
BRDA:61,3,1,0
BRF:8
BRH:0
end_of_record
TN:
SF:components/ui/toggle.tsx
FN:31,Toggle
FNF:1
FNH:0
FNDA:0,Toggle
DA:9,0
DA:34,0
DA:35,0
DA:38,0
LF:4
LH:0
BRF:0
BRH:0
end_of_record
TN:
SF:components/ui/tooltip.tsx
FN:8,TooltipProvider
FN:21,Tooltip
FN:31,TooltipTrigger
FN:37,TooltipContent
FNF:4
FNH:0
FNDA:0,TooltipProvider
FNDA:0,Tooltip
FNDA:0,TooltipTrigger
FNDA:0,TooltipContent
DA:9,0
DA:10,0
DA:12,0
DA:22,0
DA:24,0
DA:32,0
DA:34,0
DA:40,0
DA:41,0
DA:43,0
LF:10
LH:0
BRDA:9,0,0,0
BRDA:39,1,0,0
BRF:2
BRH:0
end_of_record
TN:
SF:components/ui/use-mobile.tsx
FN:5,useIsMobile
FN:8,(anonymous_1)
FN:10,(anonymous_2)
FN:15,(anonymous_3)
FNF:4
FNH:0
FNDA:0,useIsMobile
FNDA:0,(anonymous_1)
FNDA:0,(anonymous_2)
FNDA:0,(anonymous_3)
DA:3,0
DA:6,0
DA:8,0
DA:9,0
DA:10,0
DA:11,0
DA:13,0
DA:14,0
DA:15,0
DA:18,0
LF:10
LH:0
BRF:0
BRH:0
end_of_record
TN:
SF:components/ui/use-toast.ts
FN:27,genId
FN:58,(anonymous_2)
FN:63,(anonymous_3)
FN:74,(anonymous_4)
FN:85,(anonymous_5)
FN:98,(anonymous_6)
FN:105,(anonymous_7)
FN:124,(anonymous_8)
FN:133,dispatch
FN:135,(anonymous_10)
FN:142,toast
FN:145,(anonymous_12)
FN:150,(anonymous_13)
FN:158,(anonymous_14)
FN:171,useToast
FN:174,(anonymous_16)
FN:176,(anonymous_17)
FN:187,(anonymous_18)
FNF:18
FNH:0
FNDA:0,genId
FNDA:0,(anonymous_2)
FNDA:0,(anonymous_3)
FNDA:0,(anonymous_4)
FNDA:0,(anonymous_5)
FNDA:0,(anonymous_6)
FNDA:0,(anonymous_7)
FNDA:0,(anonymous_8)
FNDA:0,dispatch
FNDA:0,(anonymous_10)
FNDA:0,toast
FNDA:0,(anonymous_12)
FNDA:0,(anonymous_13)
FNDA:0,(anonymous_14)
FNDA:0,useToast
FNDA:0,(anonymous_16)
FNDA:0,(anonymous_17)
FNDA:0,(anonymous_18)
DA:8,0
DA:9,0
DA:18,0
DA:25,0
DA:28,0
DA:29,0
DA:56,0
DA:58,0
DA:59,0
DA:60,0
DA:63,0
DA:64,0
DA:65,0
DA:71,0
DA:74,0
DA:75,0
DA:77,0
DA:83,0
DA:86,0
DA:91,0
DA:95,0
DA:96,0
DA:98,0
DA:99,0
DA:103,0
DA:106,0
DA:116,0
DA:117,0
DA:122,0
DA:124,0
DA:129,0
DA:131,0
DA:134,0
DA:135,0
DA:136,0
DA:142,0
DA:143,0
DA:145,0
DA:146,0
DA:150,0
DA:152,0
DA:159,0
DA:164,0
DA:172,0
DA:174,0
DA:175,0
DA:176,0
DA:177,0
DA:178,0
DA:179,0
DA:184,0
DA:187,0
LF:52
LH:0
BRDA:59,0,0,0
BRDA:75,1,0,0
BRDA:75,1,1,0
BRDA:75,1,2,0
BRDA:75,1,3,0
BRDA:86,2,0,0
BRDA:86,2,1,0
BRDA:95,3,0,0
BRDA:95,3,1,0
BRDA:106,4,0,0
BRDA:106,4,1,0
BRDA:106,5,0,0
BRDA:106,5,1,0
BRDA:116,6,0,0
BRDA:159,7,0,0
BRDA:178,8,0,0
BRF:16
BRH:0
end_of_record
